<html>
<head>
<title>TestNG:  Command line test</title>
<link href="../testng.css" rel="stylesheet" type="text/css" />
<link href="../my-testng.css" rel="stylesheet" type="text/css" />

<style type="text/css">
.log { display: none;} 
.stack-trace { display: none;} 
</style>
<script type="text/javascript">
<!--
function flip(e) {
  current = e.style.display;
  if (current == 'block') {
    e.style.display = 'none';
    return 0;
  }
  else {
    e.style.display = 'block';
    return 1;
  }
}

function toggleBox(szDivId, elem, msg1, msg2)
{
  var res = -1;  if (document.getElementById) {
    res = flip(document.getElementById(szDivId));
  }
  else if (document.all) {
    // this is the way old msie versions work
    res = flip(document.all[szDivId]);
  }
  if(elem) {
    if(res == 0) elem.innerHTML = msg1; else elem.innerHTML = msg2;
  }

}

function toggleAllBoxes() {
  if (document.getElementsByTagName) {
    d = document.getElementsByTagName('div');
    for (i = 0; i < d.length; i++) {
      if (d[i].className == 'log') {
        flip(d[i]);
      }
    }
  }
}

// -->
</script>

</head>
<body>
<h2 align='center'>Command line test</h2><table border='1' align="center">
<tr>
<td>Tests passed/Failed/Skipped:</td><td>89/0/0</td>
</tr><tr>
<td>Started on:</td><td>Mon Mar 05 19:56:11 UTC 2018</td>
</tr>
<tr><td>Total time:</td><td>7 seconds (7199 ms)</td>
</tr><tr>
<td>Included groups:</td><td></td>
</tr><tr>
<td>Excluded groups:</td><td></td>
</tr>
</table><p/>
<small><i>(Hover the method name to see the test class name)</i></small><p/>
<table width='100%' border='1' class='invocation-passed'>
<tr><td colspan='4' align='center'><b>PASSED TESTS</b></td></tr>
<tr><td><b>Test method</b></td>
<td width="30%"><b>Exception</b></td>
<td width="10%"><b>Time (seconds)</b></td>
<td><b>Instance</b></td>
</tr>
<tr>
<td title='com.facebook.swift.service.metadata.TestThriftMethodMetadata.testAnnotatedExceptions()'><b>testAnnotatedExceptions</b><br>Test class: com.facebook.swift.service.metadata.TestThriftMethodMetadata</td>
<td></td>
<td>0</td>
<td>com.facebook.swift.service.metadata.TestThriftMethodMetadata@757942a1</td></tr>
<tr>
<td title='com.facebook.swift.service.async.AsyncClientTest.testAsyncClient()'><b>testAsyncClient</b><br>Test class: com.facebook.swift.service.async.AsyncClientTest</td>
<td></td>
<td>0</td>
<td>com.facebook.swift.service.async.AsyncClientTest@43738a82</td></tr>
<tr>
<td title='com.facebook.swift.service.async.AsyncClientTest.testAsyncConnection()'><b>testAsyncConnection</b><br>Test class: com.facebook.swift.service.async.AsyncClientTest</td>
<td></td>
<td>0</td>
<td>com.facebook.swift.service.async.AsyncClientTest@43738a82</td></tr>
<tr>
<td title='com.facebook.swift.service.async.AsyncClientTest.testAsyncEarlyListener()'><b>testAsyncEarlyListener</b><br>Test class: com.facebook.swift.service.async.AsyncClientTest</td>
<td></td>
<td>0</td>
<td>com.facebook.swift.service.async.AsyncClientTest@43738a82</td></tr>
<tr>
<td title='com.facebook.swift.service.async.AsyncClientTest.testAsyncLateListener()'><b>testAsyncLateListener</b><br>Test class: com.facebook.swift.service.async.AsyncClientTest</td>
<td></td>
<td>0</td>
<td>com.facebook.swift.service.async.AsyncClientTest@43738a82</td></tr>
<tr>
<td title='com.facebook.swift.service.async.AsyncClientTest.testAsyncOneWay()'><b>testAsyncOneWay</b><br>Test class: com.facebook.swift.service.async.AsyncClientTest</td>
<td></td>
<td>0</td>
<td>com.facebook.swift.service.async.AsyncClientTest@43738a82</td></tr>
<tr>
<td title='com.facebook.swift.service.async.AsyncClientTest.testAsyncOutOfOrder()'><b>testAsyncOutOfOrder</b><br>Test class: com.facebook.swift.service.async.AsyncClientTest</td>
<td></td>
<td>0</td>
<td>com.facebook.swift.service.async.AsyncClientTest@43738a82</td></tr>
<tr>
<td title='com.facebook.swift.service.async.AsyncClientTest.testAsyncTimeout()'><b>testAsyncTimeout</b><br>Test class: com.facebook.swift.service.async.AsyncClientTest</td>
<td></td>
<td>1</td>
<td>com.facebook.swift.service.async.AsyncClientTest@43738a82</td></tr>
<tr>
<td title='com.facebook.swift.service.protocol.TestClientProtocols.testBinaryProtocolClient()'><b>testBinaryProtocolClient</b><br>Test class: com.facebook.swift.service.protocol.TestClientProtocols</td>
<td></td>
<td>0</td>
<td>com.facebook.swift.service.protocol.TestClientProtocols@365185bd</td></tr>
<tr>
<td title='com.facebook.swift.service.async.AsyncClientTest.testClientCreateFailure()'><b>testClientCreateFailure</b><br>Test class: com.facebook.swift.service.async.AsyncClientTest</td>
<td></td>
<td>0</td>
<td>com.facebook.swift.service.async.AsyncClientTest@43738a82</td></tr>
<tr>
<td title='com.facebook.swift.service.protocol.TestClientProtocols.testCompactProtocolClient()'><b>testCompactProtocolClient</b><br>Test class: com.facebook.swift.service.protocol.TestClientProtocols</td>
<td></td>
<td>0</td>
<td>com.facebook.swift.service.protocol.TestClientProtocols@365185bd</td></tr>
<tr>
<td title='com.facebook.swift.service.TestProcessor.testConflictingMethodNames()'><b>testConflictingMethodNames</b><br>Test class: com.facebook.swift.service.TestProcessor</td>
<td></td>
<td>0</td>
<td>com.facebook.swift.service.TestProcessor@543c6f6d</td></tr>
<tr>
<td title='com.facebook.swift.service.TestThriftService.testConflictingServices()'><b>testConflictingServices</b><br>Test class: com.facebook.swift.service.TestThriftService</td>
<td><div><pre>java.lang.IllegalArgumentException: Multiple @ThriftMethod-annotated methods named &apos;Log&apos; found in the given services
	at com.facebook.swift.service.ThriftServiceProcessor.&lt;init&gt;(ThriftServiceProcessor.java:83)
	at com.facebook.swift.service.ThriftServiceProcessor.&lt;init&gt;(ThriftServiceProcessor.java:67)
	at com.facebook.swift.service.TestThriftService.testConflictingServices(TestThriftService.java:79)
... Removed 34 stack frames</pre></div><a href='#' onClick='toggleBox("stack-trace399653041", this, "Click to show all stack frames", "Click to hide stack frames")'>Click to show all stack frames</a>
<div class='stack-trace' id='stack-trace399653041'><pre>java.lang.IllegalArgumentException: Multiple @ThriftMethod-annotated methods named &apos;Log&apos; found in the given services
	at com.facebook.swift.service.ThriftServiceProcessor.&lt;init&gt;(ThriftServiceProcessor.java:83)
	at com.facebook.swift.service.ThriftServiceProcessor.&lt;init&gt;(ThriftServiceProcessor.java:67)
	at com.facebook.swift.service.TestThriftService.testConflictingServices(TestThriftService.java:79)
	at sun.reflect.NativeMethodAccessorImpl.invoke0(Native Method)
	at sun.reflect.NativeMethodAccessorImpl.invoke(NativeMethodAccessorImpl.java:62)
	at sun.reflect.DelegatingMethodAccessorImpl.invoke(DelegatingMethodAccessorImpl.java:43)
	at java.lang.reflect.Method.invoke(Method.java:498)
	at org.testng.internal.MethodInvocationHelper.invokeMethod(MethodInvocationHelper.java:85)
	at org.testng.internal.Invoker.invokeMethod(Invoker.java:639)
	at org.testng.internal.Invoker.invokeTestMethod(Invoker.java:821)
	at org.testng.internal.Invoker.invokeTestMethods(Invoker.java:1131)
	at org.testng.internal.TestMethodWorker.invokeTestMethods(TestMethodWorker.java:124)
	at org.testng.internal.TestMethodWorker.run(TestMethodWorker.java:108)
	at org.testng.TestRunner.privateRun(TestRunner.java:773)
	at org.testng.TestRunner.run(TestRunner.java:623)
	at org.testng.SuiteRunner.runTest(SuiteRunner.java:357)
	at org.testng.SuiteRunner.runSequentially(SuiteRunner.java:352)
	at org.testng.SuiteRunner.privateRun(SuiteRunner.java:310)
	at org.testng.SuiteRunner.run(SuiteRunner.java:259)
	at org.testng.SuiteRunnerWorker.runSuite(SuiteRunnerWorker.java:52)
	at org.testng.SuiteRunnerWorker.run(SuiteRunnerWorker.java:86)
	at org.testng.TestNG.runSuitesSequentially(TestNG.java:1185)
	at org.testng.TestNG.runSuitesLocally(TestNG.java:1110)
	at org.testng.TestNG.run(TestNG.java:1018)
	at org.apache.maven.surefire.testng.TestNGExecutor.run(TestNGExecutor.java:77)
	at org.apache.maven.surefire.testng.TestNGDirectoryTestSuite.executeMulti(TestNGDirectoryTestSuite.java:189)
	at org.apache.maven.surefire.testng.TestNGDirectoryTestSuite.execute(TestNGDirectoryTestSuite.java:105)
	at org.apache.maven.surefire.testng.TestNGProvider.invoke(TestNGProvider.java:117)
	at sun.reflect.NativeMethodAccessorImpl.invoke0(Native Method)
	at sun.reflect.NativeMethodAccessorImpl.invoke(NativeMethodAccessorImpl.java:62)
	at sun.reflect.DelegatingMethodAccessorImpl.invoke(DelegatingMethodAccessorImpl.java:43)
	at java.lang.reflect.Method.invoke(Method.java:498)
	at org.apache.maven.surefire.util.ReflectionUtils.invokeMethodWithArray2(ReflectionUtils.java:208)
	at org.apache.maven.surefire.booter.ProviderFactory$ProviderProxy.invoke(ProviderFactory.java:158)
	at org.apache.maven.surefire.booter.ProviderFactory.invokeProvider(ProviderFactory.java:86)
	at org.apache.maven.surefire.booter.ForkedBooter.runSuitesInProcess(ForkedBooter.java:153)
	at org.apache.maven.surefire.booter.ForkedBooter.main(ForkedBooter.java:95)
</pre></div></td>
<td>0</td>
<td>com.facebook.swift.service.TestThriftService@75881071</td></tr>
<tr>
<td title='com.facebook.swift.service.TestThriftClientConfig.testDefaults()'><b>testDefaults</b><br>Test class: com.facebook.swift.service.TestThriftClientConfig</td>
<td></td>
<td>0</td>
<td>com.facebook.swift.service.TestThriftClientConfig@13eb8acf</td></tr>
<tr>
<td title='com.facebook.swift.service.TestThriftServerConfig.testDefaults()'><b>testDefaults</b><br>Test class: com.facebook.swift.service.TestThriftServerConfig</td>
<td></td>
<td>0</td>
<td>com.facebook.swift.service.TestThriftServerConfig@23fe1d71</td></tr>
<tr>
<td title='com.facebook.swift.service.explicitidentifiers.ExplicitIdentifiersTest.testExplicitParameterOrdering()'><b>testExplicitParameterOrdering</b><br>Test class: com.facebook.swift.service.explicitidentifiers.ExplicitIdentifiersTest</td>
<td></td>
<td>0</td>
<td>com.facebook.swift.service.explicitidentifiers.ExplicitIdentifiersTest@51c8530f</td></tr>
<tr>
<td title='com.facebook.swift.service.TestThriftClientConfig.testExplicitPropertyMappings()'><b>testExplicitPropertyMappings</b><br>Test class: com.facebook.swift.service.TestThriftClientConfig</td>
<td></td>
<td>0</td>
<td>com.facebook.swift.service.TestThriftClientConfig@13eb8acf</td></tr>
<tr>
<td title='com.facebook.swift.service.TestThriftServerConfig.testExplicitPropertyMappings()'><b>testExplicitPropertyMappings</b><br>Test class: com.facebook.swift.service.TestThriftServerConfig</td>
<td></td>
<td>0</td>
<td>com.facebook.swift.service.TestThriftServerConfig@23fe1d71</td></tr>
<tr>
<td title='com.facebook.swift.service.explicitidentifiers.ExplicitIdentifiersTest.testExtraAndReorderedParameters()'><b>testExtraAndReorderedParameters</b><br>Test class: com.facebook.swift.service.explicitidentifiers.ExplicitIdentifiersTest</td>
<td></td>
<td>0</td>
<td>com.facebook.swift.service.explicitidentifiers.ExplicitIdentifiersTest@51c8530f</td></tr>
<tr>
<td title='com.facebook.swift.service.explicitidentifiers.ExplicitIdentifiersTest.testExtraParameter()'><b>testExtraParameter</b><br>Test class: com.facebook.swift.service.explicitidentifiers.ExplicitIdentifiersTest</td>
<td></td>
<td>0</td>
<td>com.facebook.swift.service.explicitidentifiers.ExplicitIdentifiersTest@51c8530f</td></tr>
<tr>
<td title='com.facebook.swift.service.explicitidentifiers.ExplicitIdentifiersTest.testExtraStruct()'><b>testExtraStruct</b><br>Test class: com.facebook.swift.service.explicitidentifiers.ExplicitIdentifiersTest</td>
<td></td>
<td>0</td>
<td>com.facebook.swift.service.explicitidentifiers.ExplicitIdentifiersTest@51c8530f</td></tr>
<tr>
<td title='com.facebook.swift.generics.TestGenericProcessor.testGenericProcessor()'><b>testGenericProcessor</b><br>Test class: com.facebook.swift.generics.TestGenericProcessor</td>
<td></td>
<td>0</td>
<td>com.facebook.swift.generics.TestGenericProcessor@2de8284b</td></tr>
<tr>
<td title='com.facebook.swift.service.TestThriftClientConfig.testGuiceInjection()'><b>testGuiceInjection</b><br>Test class: com.facebook.swift.service.TestThriftClientConfig</td>
<td></td>
<td>0</td>
<td>com.facebook.swift.service.TestThriftClientConfig@13eb8acf</td></tr>
<tr>
<td title='com.facebook.swift.service.TestThriftServerConfig.testGuiceInjection()'><b>testGuiceInjection</b><br>Test class: com.facebook.swift.service.TestThriftServerConfig</td>
<td></td>
<td>0</td>
<td>com.facebook.swift.service.TestThriftServerConfig@23fe1d71</td></tr>
<tr>
<td title='com.facebook.swift.service.async.AsyncHttpClientTest.testHttpAsyncClient()'><b>testHttpAsyncClient</b><br>Test class: com.facebook.swift.service.async.AsyncHttpClientTest</td>
<td></td>
<td>0</td>
<td>com.facebook.swift.service.async.AsyncHttpClientTest@c81cdd1</td></tr>
<tr>
<td title='com.facebook.swift.service.async.AsyncHttpClientTest.testHttpClient()'><b>testHttpClient</b><br>Test class: com.facebook.swift.service.async.AsyncHttpClientTest</td>
<td></td>
<td>0</td>
<td>com.facebook.swift.service.async.AsyncHttpClientTest@c81cdd1</td></tr>
<tr>
<td title='com.facebook.swift.service.metadata.TestThriftMethodMetadata.testInferredException()'><b>testInferredException</b><br>Test class: com.facebook.swift.service.metadata.TestThriftMethodMetadata</td>
<td></td>
<td>0</td>
<td>com.facebook.swift.service.metadata.TestThriftMethodMetadata@757942a1</td></tr>
<tr>
<td title='com.facebook.swift.service.metadata.TestThriftMethodMetadata.testInferredExceptionWithRuntimeAndTException()'><b>testInferredExceptionWithRuntimeAndTException</b><br>Test class: com.facebook.swift.service.metadata.TestThriftMethodMetadata</td>
<td></td>
<td>0</td>
<td>com.facebook.swift.service.metadata.TestThriftMethodMetadata@757942a1</td></tr>
<tr>
<td title='com.facebook.swift.service.metadata.TestThriftMethodMetadata.testInferredExceptionWithRuntimeException()'><b>testInferredExceptionWithRuntimeException</b><br>Test class: com.facebook.swift.service.metadata.TestThriftMethodMetadata</td>
<td></td>
<td>0</td>
<td>com.facebook.swift.service.metadata.TestThriftMethodMetadata@757942a1</td></tr>
<tr>
<td title='com.facebook.swift.service.metadata.TestThriftMethodMetadata.testInferredExceptionWithTException()'><b>testInferredExceptionWithTException</b><br>Test class: com.facebook.swift.service.metadata.TestThriftMethodMetadata</td>
<td></td>
<td>0</td>
<td>com.facebook.swift.service.metadata.TestThriftMethodMetadata@757942a1</td></tr>
<tr>
<td title='com.facebook.swift.service.annotations.TestThriftServiceAnnotationConflicts.testInheritBaseInterface()'><b>testInheritBaseInterface</b><br>Test class: com.facebook.swift.service.annotations.TestThriftServiceAnnotationConflicts</td>
<td></td>
<td>0</td>
<td>com.facebook.swift.service.annotations.TestThriftServiceAnnotationConflicts@2a70a3d8</td></tr>
<tr>
<td title='com.facebook.swift.service.annotations.TestThriftServiceAnnotationConflicts.testInheritCombinedInterface()'><b>testInheritCombinedInterface</b><br>Test class: com.facebook.swift.service.annotations.TestThriftServiceAnnotationConflicts</td>
<td></td>
<td>0</td>
<td>com.facebook.swift.service.annotations.TestThriftServiceAnnotationConflicts@2a70a3d8</td></tr>
<tr>
<td title='com.facebook.swift.service.annotations.TestThriftServiceAnnotationConflicts.testInheritMultipleDerivedInterfaces()'><b>testInheritMultipleDerivedInterfaces</b><br>Test class: com.facebook.swift.service.annotations.TestThriftServiceAnnotationConflicts</td>
<td><div><pre>java.lang.IllegalArgumentException: Service class com.facebook.swift.service.annotations.MultipleDerivedServiceImplementation has multiple conflicting @ThriftService annotations: [@com.facebook.swift.service.ThriftService(value=DerivedServiceOne), @com.facebook.swift.service.ThriftService(value=DerivedServiceTwo)]
	at com.google.common.base.Preconditions.checkArgument(Preconditions.java:145)
	at com.facebook.swift.service.metadata.ThriftServiceMetadata.getThriftServiceAnnotation(ThriftServiceMetadata.java:137)
	at com.facebook.swift.service.annotations.TestThriftServiceAnnotationConflicts.testInheritMultipleDerivedInterfaces(TestThriftServiceAnnotationConflicts.java:58)
... Removed 34 stack frames</pre></div><a href='#' onClick='toggleBox("stack-trace1792381498", this, "Click to show all stack frames", "Click to hide stack frames")'>Click to show all stack frames</a>
<div class='stack-trace' id='stack-trace1792381498'><pre>java.lang.IllegalArgumentException: Service class com.facebook.swift.service.annotations.MultipleDerivedServiceImplementation has multiple conflicting @ThriftService annotations: [@com.facebook.swift.service.ThriftService(value=DerivedServiceOne), @com.facebook.swift.service.ThriftService(value=DerivedServiceTwo)]
	at com.google.common.base.Preconditions.checkArgument(Preconditions.java:145)
	at com.facebook.swift.service.metadata.ThriftServiceMetadata.getThriftServiceAnnotation(ThriftServiceMetadata.java:137)
	at com.facebook.swift.service.annotations.TestThriftServiceAnnotationConflicts.testInheritMultipleDerivedInterfaces(TestThriftServiceAnnotationConflicts.java:58)
	at sun.reflect.NativeMethodAccessorImpl.invoke0(Native Method)
	at sun.reflect.NativeMethodAccessorImpl.invoke(NativeMethodAccessorImpl.java:62)
	at sun.reflect.DelegatingMethodAccessorImpl.invoke(DelegatingMethodAccessorImpl.java:43)
	at java.lang.reflect.Method.invoke(Method.java:498)
	at org.testng.internal.MethodInvocationHelper.invokeMethod(MethodInvocationHelper.java:85)
	at org.testng.internal.Invoker.invokeMethod(Invoker.java:639)
	at org.testng.internal.Invoker.invokeTestMethod(Invoker.java:821)
	at org.testng.internal.Invoker.invokeTestMethods(Invoker.java:1131)
	at org.testng.internal.TestMethodWorker.invokeTestMethods(TestMethodWorker.java:124)
	at org.testng.internal.TestMethodWorker.run(TestMethodWorker.java:108)
	at org.testng.TestRunner.privateRun(TestRunner.java:773)
	at org.testng.TestRunner.run(TestRunner.java:623)
	at org.testng.SuiteRunner.runTest(SuiteRunner.java:357)
	at org.testng.SuiteRunner.runSequentially(SuiteRunner.java:352)
	at org.testng.SuiteRunner.privateRun(SuiteRunner.java:310)
	at org.testng.SuiteRunner.run(SuiteRunner.java:259)
	at org.testng.SuiteRunnerWorker.runSuite(SuiteRunnerWorker.java:52)
	at org.testng.SuiteRunnerWorker.run(SuiteRunnerWorker.java:86)
	at org.testng.TestNG.runSuitesSequentially(TestNG.java:1185)
	at org.testng.TestNG.runSuitesLocally(TestNG.java:1110)
	at org.testng.TestNG.run(TestNG.java:1018)
	at org.apache.maven.surefire.testng.TestNGExecutor.run(TestNGExecutor.java:77)
	at org.apache.maven.surefire.testng.TestNGDirectoryTestSuite.executeMulti(TestNGDirectoryTestSuite.java:189)
	at org.apache.maven.surefire.testng.TestNGDirectoryTestSuite.execute(TestNGDirectoryTestSuite.java:105)
	at org.apache.maven.surefire.testng.TestNGProvider.invoke(TestNGProvider.java:117)
	at sun.reflect.NativeMethodAccessorImpl.invoke0(Native Method)
	at sun.reflect.NativeMethodAccessorImpl.invoke(NativeMethodAccessorImpl.java:62)
	at sun.reflect.DelegatingMethodAccessorImpl.invoke(DelegatingMethodAccessorImpl.java:43)
	at java.lang.reflect.Method.invoke(Method.java:498)
	at org.apache.maven.surefire.util.ReflectionUtils.invokeMethodWithArray2(ReflectionUtils.java:208)
	at org.apache.maven.surefire.booter.ProviderFactory$ProviderProxy.invoke(ProviderFactory.java:158)
	at org.apache.maven.surefire.booter.ProviderFactory.invokeProvider(ProviderFactory.java:86)
	at org.apache.maven.surefire.booter.ForkedBooter.runSuitesInProcess(ForkedBooter.java:153)
	at org.apache.maven.surefire.booter.ForkedBooter.main(ForkedBooter.java:95)
</pre></div></td>
<td>0</td>
<td>com.facebook.swift.service.annotations.TestThriftServiceAnnotationConflicts@2a70a3d8</td></tr>
<tr>
<td title='com.facebook.swift.service.annotations.TestThriftServiceAnnotationConflicts.testInheritMultipleDerviedInterfacesWithExplicitAnnotation()'><b>testInheritMultipleDerviedInterfacesWithExplicitAnnotation</b><br>Test class: com.facebook.swift.service.annotations.TestThriftServiceAnnotationConflicts</td>
<td></td>
<td>0</td>
<td>com.facebook.swift.service.annotations.TestThriftServiceAnnotationConflicts@2a70a3d8</td></tr>
<tr>
<td title='com.facebook.swift.service.annotations.TestThriftServiceAnnotationConflicts.testInheritSingleDerivedInterface()'><b>testInheritSingleDerivedInterface</b><br>Test class: com.facebook.swift.service.annotations.TestThriftServiceAnnotationConflicts</td>
<td></td>
<td>0</td>
<td>com.facebook.swift.service.annotations.TestThriftServiceAnnotationConflicts@2a70a3d8</td></tr>
<tr>
<td title='com.facebook.swift.service.metadata.TestThriftMethodLegacyIds.testInvalids()'><b>testInvalids</b><br>Test class: com.facebook.swift.service.metadata.TestThriftMethodLegacyIds<br>Parameters: [Ljava.lang.reflect.Method;@4a0df195</td>
<td><div><pre>java.lang.IllegalArgumentException: isLegacyId should only be specified on fields with negative IDs
	at com.google.common.base.Preconditions.checkArgument(Preconditions.java:122)
	at com.facebook.swift.codec.metadata.ThriftFieldMetadata.&lt;init&gt;(ThriftFieldMetadata.java:87)
	at com.facebook.swift.service.metadata.ThriftMethodMetadata.&lt;init&gt;(ThriftMethodMetadata.java:160)
	at com.facebook.swift.service.metadata.TestThriftMethodLegacyIds.testInvalids(TestThriftMethodLegacyIds.java:132)
... Removed 34 stack frames</pre></div><a href='#' onClick='toggleBox("stack-trace1406004470", this, "Click to show all stack frames", "Click to hide stack frames")'>Click to show all stack frames</a>
<div class='stack-trace' id='stack-trace1406004470'><pre>java.lang.IllegalArgumentException: isLegacyId should only be specified on fields with negative IDs
	at com.google.common.base.Preconditions.checkArgument(Preconditions.java:122)
	at com.facebook.swift.codec.metadata.ThriftFieldMetadata.&lt;init&gt;(ThriftFieldMetadata.java:87)
	at com.facebook.swift.service.metadata.ThriftMethodMetadata.&lt;init&gt;(ThriftMethodMetadata.java:160)
	at com.facebook.swift.service.metadata.TestThriftMethodLegacyIds.testInvalids(TestThriftMethodLegacyIds.java:132)
	at sun.reflect.NativeMethodAccessorImpl.invoke0(Native Method)
	at sun.reflect.NativeMethodAccessorImpl.invoke(NativeMethodAccessorImpl.java:62)
	at sun.reflect.DelegatingMethodAccessorImpl.invoke(DelegatingMethodAccessorImpl.java:43)
	at java.lang.reflect.Method.invoke(Method.java:498)
	at org.testng.internal.MethodInvocationHelper.invokeMethod(MethodInvocationHelper.java:85)
	at org.testng.internal.Invoker.invokeMethod(Invoker.java:639)
	at org.testng.internal.Invoker.invokeTestMethod(Invoker.java:821)
	at org.testng.internal.Invoker.invokeTestMethods(Invoker.java:1131)
	at org.testng.internal.TestMethodWorker.invokeTestMethods(TestMethodWorker.java:124)
	at org.testng.internal.TestMethodWorker.run(TestMethodWorker.java:108)
	at org.testng.TestRunner.privateRun(TestRunner.java:773)
	at org.testng.TestRunner.run(TestRunner.java:623)
	at org.testng.SuiteRunner.runTest(SuiteRunner.java:357)
	at org.testng.SuiteRunner.runSequentially(SuiteRunner.java:352)
	at org.testng.SuiteRunner.privateRun(SuiteRunner.java:310)
	at org.testng.SuiteRunner.run(SuiteRunner.java:259)
	at org.testng.SuiteRunnerWorker.runSuite(SuiteRunnerWorker.java:52)
	at org.testng.SuiteRunnerWorker.run(SuiteRunnerWorker.java:86)
	at org.testng.TestNG.runSuitesSequentially(TestNG.java:1185)
	at org.testng.TestNG.runSuitesLocally(TestNG.java:1110)
	at org.testng.TestNG.run(TestNG.java:1018)
	at org.apache.maven.surefire.testng.TestNGExecutor.run(TestNGExecutor.java:77)
	at org.apache.maven.surefire.testng.TestNGDirectoryTestSuite.executeMulti(TestNGDirectoryTestSuite.java:189)
	at org.apache.maven.surefire.testng.TestNGDirectoryTestSuite.execute(TestNGDirectoryTestSuite.java:105)
	at org.apache.maven.surefire.testng.TestNGProvider.invoke(TestNGProvider.java:117)
	at sun.reflect.NativeMethodAccessorImpl.invoke0(Native Method)
	at sun.reflect.NativeMethodAccessorImpl.invoke(NativeMethodAccessorImpl.java:62)
	at sun.reflect.DelegatingMethodAccessorImpl.invoke(DelegatingMethodAccessorImpl.java:43)
	at java.lang.reflect.Method.invoke(Method.java:498)
	at org.apache.maven.surefire.util.ReflectionUtils.invokeMethodWithArray2(ReflectionUtils.java:208)
	at org.apache.maven.surefire.booter.ProviderFactory$ProviderProxy.invoke(ProviderFactory.java:158)
	at org.apache.maven.surefire.booter.ProviderFactory.invokeProvider(ProviderFactory.java:86)
	at org.apache.maven.surefire.booter.ForkedBooter.runSuitesInProcess(ForkedBooter.java:153)
	at org.apache.maven.surefire.booter.ForkedBooter.main(ForkedBooter.java:95)
</pre></div></td>
<td>0</td>
<td>com.facebook.swift.service.metadata.TestThriftMethodLegacyIds@78ac1102</td></tr>
<tr>
<td title='com.facebook.swift.service.metadata.TestThriftMethodLegacyIds.testInvalids()'><b>testInvalids</b><br>Test class: com.facebook.swift.service.metadata.TestThriftMethodLegacyIds<br>Parameters: [Ljava.lang.reflect.Method;@9255c05</td>
<td><div><pre>java.lang.IllegalArgumentException: isLegacyId should only be specified on fields with negative IDs
	at com.google.common.base.Preconditions.checkArgument(Preconditions.java:122)
	at com.facebook.swift.codec.metadata.ThriftFieldMetadata.&lt;init&gt;(ThriftFieldMetadata.java:87)
	at com.facebook.swift.service.metadata.ThriftMethodMetadata.&lt;init&gt;(ThriftMethodMetadata.java:160)
	at com.facebook.swift.service.metadata.TestThriftMethodLegacyIds.testInvalids(TestThriftMethodLegacyIds.java:132)
... Removed 34 stack frames</pre></div><a href='#' onClick='toggleBox("stack-trace1655955258", this, "Click to show all stack frames", "Click to hide stack frames")'>Click to show all stack frames</a>
<div class='stack-trace' id='stack-trace1655955258'><pre>java.lang.IllegalArgumentException: isLegacyId should only be specified on fields with negative IDs
	at com.google.common.base.Preconditions.checkArgument(Preconditions.java:122)
	at com.facebook.swift.codec.metadata.ThriftFieldMetadata.&lt;init&gt;(ThriftFieldMetadata.java:87)
	at com.facebook.swift.service.metadata.ThriftMethodMetadata.&lt;init&gt;(ThriftMethodMetadata.java:160)
	at com.facebook.swift.service.metadata.TestThriftMethodLegacyIds.testInvalids(TestThriftMethodLegacyIds.java:132)
	at sun.reflect.NativeMethodAccessorImpl.invoke0(Native Method)
	at sun.reflect.NativeMethodAccessorImpl.invoke(NativeMethodAccessorImpl.java:62)
	at sun.reflect.DelegatingMethodAccessorImpl.invoke(DelegatingMethodAccessorImpl.java:43)
	at java.lang.reflect.Method.invoke(Method.java:498)
	at org.testng.internal.MethodInvocationHelper.invokeMethod(MethodInvocationHelper.java:85)
	at org.testng.internal.Invoker.invokeMethod(Invoker.java:639)
	at org.testng.internal.Invoker.invokeTestMethod(Invoker.java:821)
	at org.testng.internal.Invoker.invokeTestMethods(Invoker.java:1131)
	at org.testng.internal.TestMethodWorker.invokeTestMethods(TestMethodWorker.java:124)
	at org.testng.internal.TestMethodWorker.run(TestMethodWorker.java:108)
	at org.testng.TestRunner.privateRun(TestRunner.java:773)
	at org.testng.TestRunner.run(TestRunner.java:623)
	at org.testng.SuiteRunner.runTest(SuiteRunner.java:357)
	at org.testng.SuiteRunner.runSequentially(SuiteRunner.java:352)
	at org.testng.SuiteRunner.privateRun(SuiteRunner.java:310)
	at org.testng.SuiteRunner.run(SuiteRunner.java:259)
	at org.testng.SuiteRunnerWorker.runSuite(SuiteRunnerWorker.java:52)
	at org.testng.SuiteRunnerWorker.run(SuiteRunnerWorker.java:86)
	at org.testng.TestNG.runSuitesSequentially(TestNG.java:1185)
	at org.testng.TestNG.runSuitesLocally(TestNG.java:1110)
	at org.testng.TestNG.run(TestNG.java:1018)
	at org.apache.maven.surefire.testng.TestNGExecutor.run(TestNGExecutor.java:77)
	at org.apache.maven.surefire.testng.TestNGDirectoryTestSuite.executeMulti(TestNGDirectoryTestSuite.java:189)
	at org.apache.maven.surefire.testng.TestNGDirectoryTestSuite.execute(TestNGDirectoryTestSuite.java:105)
	at org.apache.maven.surefire.testng.TestNGProvider.invoke(TestNGProvider.java:117)
	at sun.reflect.NativeMethodAccessorImpl.invoke0(Native Method)
	at sun.reflect.NativeMethodAccessorImpl.invoke(NativeMethodAccessorImpl.java:62)
	at sun.reflect.DelegatingMethodAccessorImpl.invoke(DelegatingMethodAccessorImpl.java:43)
	at java.lang.reflect.Method.invoke(Method.java:498)
	at org.apache.maven.surefire.util.ReflectionUtils.invokeMethodWithArray2(ReflectionUtils.java:208)
	at org.apache.maven.surefire.booter.ProviderFactory$ProviderProxy.invoke(ProviderFactory.java:158)
	at org.apache.maven.surefire.booter.ProviderFactory.invokeProvider(ProviderFactory.java:86)
	at org.apache.maven.surefire.booter.ForkedBooter.runSuitesInProcess(ForkedBooter.java:153)
	at org.apache.maven.surefire.booter.ForkedBooter.main(ForkedBooter.java:95)
</pre></div></td>
<td>0</td>
<td>com.facebook.swift.service.metadata.TestThriftMethodLegacyIds@78ac1102</td></tr>
<tr>
<td title='com.facebook.swift.service.metadata.TestThriftMethodLegacyIds.testInvalids()'><b>testInvalids</b><br>Test class: com.facebook.swift.service.metadata.TestThriftMethodLegacyIds<br>Parameters: [Ljava.lang.reflect.Method;@78830d9a</td>
<td><div><pre>java.lang.IllegalArgumentException: isLegacyId must be specified on fields with negative IDs
	at com.google.common.base.Preconditions.checkArgument(Preconditions.java:122)
	at com.facebook.swift.codec.metadata.ThriftFieldMetadata.&lt;init&gt;(ThriftFieldMetadata.java:89)
	at com.facebook.swift.service.metadata.ThriftMethodMetadata.&lt;init&gt;(ThriftMethodMetadata.java:160)
	at com.facebook.swift.service.metadata.TestThriftMethodLegacyIds.testInvalids(TestThriftMethodLegacyIds.java:132)
... Removed 34 stack frames</pre></div><a href='#' onClick='toggleBox("stack-trace2115087165", this, "Click to show all stack frames", "Click to hide stack frames")'>Click to show all stack frames</a>
<div class='stack-trace' id='stack-trace2115087165'><pre>java.lang.IllegalArgumentException: isLegacyId must be specified on fields with negative IDs
	at com.google.common.base.Preconditions.checkArgument(Preconditions.java:122)
	at com.facebook.swift.codec.metadata.ThriftFieldMetadata.&lt;init&gt;(ThriftFieldMetadata.java:89)
	at com.facebook.swift.service.metadata.ThriftMethodMetadata.&lt;init&gt;(ThriftMethodMetadata.java:160)
	at com.facebook.swift.service.metadata.TestThriftMethodLegacyIds.testInvalids(TestThriftMethodLegacyIds.java:132)
	at sun.reflect.NativeMethodAccessorImpl.invoke0(Native Method)
	at sun.reflect.NativeMethodAccessorImpl.invoke(NativeMethodAccessorImpl.java:62)
	at sun.reflect.DelegatingMethodAccessorImpl.invoke(DelegatingMethodAccessorImpl.java:43)
	at java.lang.reflect.Method.invoke(Method.java:498)
	at org.testng.internal.MethodInvocationHelper.invokeMethod(MethodInvocationHelper.java:85)
	at org.testng.internal.Invoker.invokeMethod(Invoker.java:639)
	at org.testng.internal.Invoker.invokeTestMethod(Invoker.java:821)
	at org.testng.internal.Invoker.invokeTestMethods(Invoker.java:1131)
	at org.testng.internal.TestMethodWorker.invokeTestMethods(TestMethodWorker.java:124)
	at org.testng.internal.TestMethodWorker.run(TestMethodWorker.java:108)
	at org.testng.TestRunner.privateRun(TestRunner.java:773)
	at org.testng.TestRunner.run(TestRunner.java:623)
	at org.testng.SuiteRunner.runTest(SuiteRunner.java:357)
	at org.testng.SuiteRunner.runSequentially(SuiteRunner.java:352)
	at org.testng.SuiteRunner.privateRun(SuiteRunner.java:310)
	at org.testng.SuiteRunner.run(SuiteRunner.java:259)
	at org.testng.SuiteRunnerWorker.runSuite(SuiteRunnerWorker.java:52)
	at org.testng.SuiteRunnerWorker.run(SuiteRunnerWorker.java:86)
	at org.testng.TestNG.runSuitesSequentially(TestNG.java:1185)
	at org.testng.TestNG.runSuitesLocally(TestNG.java:1110)
	at org.testng.TestNG.run(TestNG.java:1018)
	at org.apache.maven.surefire.testng.TestNGExecutor.run(TestNGExecutor.java:77)
	at org.apache.maven.surefire.testng.TestNGDirectoryTestSuite.executeMulti(TestNGDirectoryTestSuite.java:189)
	at org.apache.maven.surefire.testng.TestNGDirectoryTestSuite.execute(TestNGDirectoryTestSuite.java:105)
	at org.apache.maven.surefire.testng.TestNGProvider.invoke(TestNGProvider.java:117)
	at sun.reflect.NativeMethodAccessorImpl.invoke0(Native Method)
	at sun.reflect.NativeMethodAccessorImpl.invoke(NativeMethodAccessorImpl.java:62)
	at sun.reflect.DelegatingMethodAccessorImpl.invoke(DelegatingMethodAccessorImpl.java:43)
	at java.lang.reflect.Method.invoke(Method.java:498)
	at org.apache.maven.surefire.util.ReflectionUtils.invokeMethodWithArray2(ReflectionUtils.java:208)
	at org.apache.maven.surefire.booter.ProviderFactory$ProviderProxy.invoke(ProviderFactory.java:158)
	at org.apache.maven.surefire.booter.ProviderFactory.invokeProvider(ProviderFactory.java:86)
	at org.apache.maven.surefire.booter.ForkedBooter.runSuitesInProcess(ForkedBooter.java:153)
	at org.apache.maven.surefire.booter.ForkedBooter.main(ForkedBooter.java:95)
</pre></div></td>
<td>0</td>
<td>com.facebook.swift.service.metadata.TestThriftMethodLegacyIds@78ac1102</td></tr>
<tr>
<td title='com.facebook.swift.service.metadata.TestThriftMethodLegacyIds.testInvalids()'><b>testInvalids</b><br>Test class: com.facebook.swift.service.metadata.TestThriftMethodLegacyIds<br>Parameters: [Ljava.lang.reflect.Method;@7f829c76</td>
<td><div><pre>java.lang.IllegalArgumentException: isLegacyId must be specified on fields with negative IDs
	at com.google.common.base.Preconditions.checkArgument(Preconditions.java:122)
	at com.facebook.swift.codec.metadata.ThriftFieldMetadata.&lt;init&gt;(ThriftFieldMetadata.java:89)
	at com.facebook.swift.service.metadata.ThriftMethodMetadata.&lt;init&gt;(ThriftMethodMetadata.java:160)
	at com.facebook.swift.service.metadata.TestThriftMethodLegacyIds.testInvalids(TestThriftMethodLegacyIds.java:132)
... Removed 34 stack frames</pre></div><a href='#' onClick='toggleBox("stack-trace596779307", this, "Click to show all stack frames", "Click to hide stack frames")'>Click to show all stack frames</a>
<div class='stack-trace' id='stack-trace596779307'><pre>java.lang.IllegalArgumentException: isLegacyId must be specified on fields with negative IDs
	at com.google.common.base.Preconditions.checkArgument(Preconditions.java:122)
	at com.facebook.swift.codec.metadata.ThriftFieldMetadata.&lt;init&gt;(ThriftFieldMetadata.java:89)
	at com.facebook.swift.service.metadata.ThriftMethodMetadata.&lt;init&gt;(ThriftMethodMetadata.java:160)
	at com.facebook.swift.service.metadata.TestThriftMethodLegacyIds.testInvalids(TestThriftMethodLegacyIds.java:132)
	at sun.reflect.NativeMethodAccessorImpl.invoke0(Native Method)
	at sun.reflect.NativeMethodAccessorImpl.invoke(NativeMethodAccessorImpl.java:62)
	at sun.reflect.DelegatingMethodAccessorImpl.invoke(DelegatingMethodAccessorImpl.java:43)
	at java.lang.reflect.Method.invoke(Method.java:498)
	at org.testng.internal.MethodInvocationHelper.invokeMethod(MethodInvocationHelper.java:85)
	at org.testng.internal.Invoker.invokeMethod(Invoker.java:639)
	at org.testng.internal.Invoker.invokeTestMethod(Invoker.java:821)
	at org.testng.internal.Invoker.invokeTestMethods(Invoker.java:1131)
	at org.testng.internal.TestMethodWorker.invokeTestMethods(TestMethodWorker.java:124)
	at org.testng.internal.TestMethodWorker.run(TestMethodWorker.java:108)
	at org.testng.TestRunner.privateRun(TestRunner.java:773)
	at org.testng.TestRunner.run(TestRunner.java:623)
	at org.testng.SuiteRunner.runTest(SuiteRunner.java:357)
	at org.testng.SuiteRunner.runSequentially(SuiteRunner.java:352)
	at org.testng.SuiteRunner.privateRun(SuiteRunner.java:310)
	at org.testng.SuiteRunner.run(SuiteRunner.java:259)
	at org.testng.SuiteRunnerWorker.runSuite(SuiteRunnerWorker.java:52)
	at org.testng.SuiteRunnerWorker.run(SuiteRunnerWorker.java:86)
	at org.testng.TestNG.runSuitesSequentially(TestNG.java:1185)
	at org.testng.TestNG.runSuitesLocally(TestNG.java:1110)
	at org.testng.TestNG.run(TestNG.java:1018)
	at org.apache.maven.surefire.testng.TestNGExecutor.run(TestNGExecutor.java:77)
	at org.apache.maven.surefire.testng.TestNGDirectoryTestSuite.executeMulti(TestNGDirectoryTestSuite.java:189)
	at org.apache.maven.surefire.testng.TestNGDirectoryTestSuite.execute(TestNGDirectoryTestSuite.java:105)
	at org.apache.maven.surefire.testng.TestNGProvider.invoke(TestNGProvider.java:117)
	at sun.reflect.NativeMethodAccessorImpl.invoke0(Native Method)
	at sun.reflect.NativeMethodAccessorImpl.invoke(NativeMethodAccessorImpl.java:62)
	at sun.reflect.DelegatingMethodAccessorImpl.invoke(DelegatingMethodAccessorImpl.java:43)
	at java.lang.reflect.Method.invoke(Method.java:498)
	at org.apache.maven.surefire.util.ReflectionUtils.invokeMethodWithArray2(ReflectionUtils.java:208)
	at org.apache.maven.surefire.booter.ProviderFactory$ProviderProxy.invoke(ProviderFactory.java:158)
	at org.apache.maven.surefire.booter.ProviderFactory.invokeProvider(ProviderFactory.java:86)
	at org.apache.maven.surefire.booter.ForkedBooter.runSuitesInProcess(ForkedBooter.java:153)
	at org.apache.maven.surefire.booter.ForkedBooter.main(ForkedBooter.java:95)
</pre></div></td>
<td>0</td>
<td>com.facebook.swift.service.metadata.TestThriftMethodLegacyIds@78ac1102</td></tr>
<tr>
<td title='com.facebook.swift.service.metadata.TestThriftMethodLegacyIds.testLegacyFieldIds()'><b>testLegacyFieldIds</b><br>Test class: com.facebook.swift.service.metadata.TestThriftMethodLegacyIds<br>Parameters: [Ljava.lang.reflect.Method;@7c3ebc6b</td>
<td></td>
<td>0</td>
<td>com.facebook.swift.service.metadata.TestThriftMethodLegacyIds@78ac1102</td></tr>
<tr>
<td title='com.facebook.swift.service.explicitidentifiers.ExplicitIdentifiersTest.testMissingAndReorderedParameters()'><b>testMissingAndReorderedParameters</b><br>Test class: com.facebook.swift.service.explicitidentifiers.ExplicitIdentifiersTest</td>
<td></td>
<td>0</td>
<td>com.facebook.swift.service.explicitidentifiers.ExplicitIdentifiersTest@51c8530f</td></tr>
<tr>
<td title='com.facebook.swift.service.explicitidentifiers.ExplicitIdentifiersTest.testMissingInteger()'><b>testMissingInteger</b><br>Test class: com.facebook.swift.service.explicitidentifiers.ExplicitIdentifiersTest</td>
<td></td>
<td>0</td>
<td>com.facebook.swift.service.explicitidentifiers.ExplicitIdentifiersTest@51c8530f</td></tr>
<tr>
<td title='com.facebook.swift.service.exceptions.ExceptionTest.testMissingMethod()'><b>testMissingMethod</b><br>Test class: com.facebook.swift.service.exceptions.ExceptionTest</td>
<td></td>
<td>0</td>
<td>com.facebook.swift.service.exceptions.ExceptionTest@12c8a2c0</td></tr>
<tr>
<td title='com.facebook.swift.service.explicitidentifiers.ExplicitIdentifiersTest.testMissingParameter()'><b>testMissingParameter</b><br>Test class: com.facebook.swift.service.explicitidentifiers.ExplicitIdentifiersTest</td>
<td></td>
<td>0</td>
<td>com.facebook.swift.service.explicitidentifiers.ExplicitIdentifiersTest@51c8530f</td></tr>
<tr>
<td title='com.facebook.swift.service.explicitidentifiers.ExplicitIdentifiersTest.testMissingStruct()'><b>testMissingStruct</b><br>Test class: com.facebook.swift.service.explicitidentifiers.ExplicitIdentifiersTest</td>
<td></td>
<td>0</td>
<td>com.facebook.swift.service.explicitidentifiers.ExplicitIdentifiersTest@51c8530f</td></tr>
<tr>
<td title='com.facebook.swift.service.metadata.TestThriftMethodMetadata.testNoExceptions()'><b>testNoExceptions</b><br>Test class: com.facebook.swift.service.metadata.TestThriftMethodMetadata</td>
<td></td>
<td>0</td>
<td>com.facebook.swift.service.metadata.TestThriftMethodMetadata@757942a1</td></tr>
<tr>
<td title='com.facebook.swift.service.metadata.TestThriftMethodLegacyIds.testNonLegacyFieldIds()'><b>testNonLegacyFieldIds</b><br>Test class: com.facebook.swift.service.metadata.TestThriftMethodLegacyIds<br>Parameters: [Ljava.lang.reflect.Method;@1931d99</td>
<td></td>
<td>0</td>
<td>com.facebook.swift.service.metadata.TestThriftMethodLegacyIds@78ac1102</td></tr>
<tr>
<td title='com.facebook.swift.service.metadata.TestThriftMethodLegacyIds.testNonLegacyFieldIds()'><b>testNonLegacyFieldIds</b><br>Test class: com.facebook.swift.service.metadata.TestThriftMethodLegacyIds<br>Parameters: [Ljava.lang.reflect.Method;@6a9950f1</td>
<td></td>
<td>0</td>
<td>com.facebook.swift.service.metadata.TestThriftMethodLegacyIds@78ac1102</td></tr>
<tr>
<td title='com.facebook.swift.service.metadata.TestThriftMethodLegacyIds.testNonLegacyFieldIds()'><b>testNonLegacyFieldIds</b><br>Test class: com.facebook.swift.service.metadata.TestThriftMethodLegacyIds<br>Parameters: [Ljava.lang.reflect.Method;@7ad54c55</td>
<td></td>
<td>0</td>
<td>com.facebook.swift.service.metadata.TestThriftMethodLegacyIds@78ac1102</td></tr>
<tr>
<td title='com.facebook.swift.service.oneway.OnewayTest.testOneWayThrow()'><b>testOneWayThrow</b><br>Test class: com.facebook.swift.service.oneway.OnewayTest</td>
<td></td>
<td>0</td>
<td>com.facebook.swift.service.oneway.OnewayTest@3891771e</td></tr>
<tr>
<td title='com.facebook.swift.service.oneway.OnewayTest.testOnewayCall()'><b>testOnewayCall</b><br>Test class: com.facebook.swift.service.oneway.OnewayTest</td>
<td></td>
<td>0</td>
<td>com.facebook.swift.service.oneway.OnewayTest@3891771e</td></tr>
<tr>
<td title='com.facebook.swift.service.puma.TestPuma.testPumaDirect()'><b>testPumaDirect</b><br>Test class: com.facebook.swift.service.puma.TestPuma</td>
<td></td>
<td>0</td>
<td>com.facebook.swift.service.puma.TestPuma@28ac3dc3</td></tr>
<tr>
<td title='com.facebook.swift.service.puma.TestPuma.testPumaDirectException()'><b>testPumaDirectException</b><br>Test class: com.facebook.swift.service.puma.TestPuma</td>
<td></td>
<td>0</td>
<td>com.facebook.swift.service.puma.TestPuma@28ac3dc3</td></tr>
<tr>
<td title='com.facebook.swift.service.puma.TestPuma.testPumaSwift()'><b>testPumaSwift</b><br>Test class: com.facebook.swift.service.puma.TestPuma</td>
<td></td>
<td>0</td>
<td>com.facebook.swift.service.puma.TestPuma@28ac3dc3</td></tr>
<tr>
<td title='com.facebook.swift.service.puma.TestPuma.testPumaSwiftException()'><b>testPumaSwiftException</b><br>Test class: com.facebook.swift.service.puma.TestPuma</td>
<td></td>
<td>0</td>
<td>com.facebook.swift.service.puma.TestPuma@28ac3dc3</td></tr>
<tr>
<td title='com.facebook.swift.service.TestThriftService.testSwiftEventHandlersWithNiftyProcessor()'><b>testSwiftEventHandlersWithNiftyProcessor</b><br>Test class: com.facebook.swift.service.TestThriftService</td>
<td></td>
<td>0</td>
<td>com.facebook.swift.service.TestThriftService@75881071</td></tr>
<tr>
<td title='com.facebook.swift.service.TestThriftService.testSwiftEventHandlersWithTProcessor()'><b>testSwiftEventHandlersWithTProcessor</b><br>Test class: com.facebook.swift.service.TestThriftService</td>
<td></td>
<td>0</td>
<td>com.facebook.swift.service.TestThriftService@75881071</td></tr>
<tr>
<td title='com.facebook.swift.service.TestThriftService.testSwiftService()'><b>testSwiftService</b><br>Test class: com.facebook.swift.service.TestThriftService</td>
<td></td>
<td>0</td>
<td>com.facebook.swift.service.TestThriftService@75881071</td></tr>
<tr>
<td title='com.facebook.swift.service.TestThriftSslService.testSwiftService()'><b>testSwiftService</b><br>Test class: com.facebook.swift.service.TestThriftSslService</td>
<td></td>
<td>0</td>
<td>com.facebook.swift.service.TestThriftSslService@1d371b2d</td></tr>
<tr>
<td title='com.facebook.swift.service.TestThriftTransportAttachObserver.testSwiftService()'><b>testSwiftService</b><br>Test class: com.facebook.swift.service.TestThriftTransportAttachObserver</td>
<td></td>
<td>0</td>
<td>com.facebook.swift.service.TestThriftTransportAttachObserver@289d1c02</td></tr>
<tr>
<td title='com.facebook.swift.service.TestThriftSslService.testSwiftServicePlaintext()'><b>testSwiftServicePlaintext</b><br>Test class: com.facebook.swift.service.TestThriftSslService</td>
<td></td>
<td>0</td>
<td>com.facebook.swift.service.TestThriftSslService@1d371b2d</td></tr>
<tr>
<td title='com.facebook.swift.service.async.AsyncClientTest.testSyncClient()'><b>testSyncClient</b><br>Test class: com.facebook.swift.service.async.AsyncClientTest</td>
<td></td>
<td>0</td>
<td>com.facebook.swift.service.async.AsyncClientTest@43738a82</td></tr>
<tr>
<td title='com.facebook.swift.service.guice.TestThriftClientAndServerModules.testThriftClientAndServerModules()'><b>testThriftClientAndServerModules</b><br>Test class: com.facebook.swift.service.guice.TestThriftClientAndServerModules</td>
<td></td>
<td>0</td>
<td>com.facebook.swift.service.guice.TestThriftClientAndServerModules@17d0685f</td></tr>
<tr>
<td title='com.facebook.swift.service.guice.TestThriftClientAndServerModules.testThriftClientWithConfiguration()'><b>testThriftClientWithConfiguration</b><br>Test class: com.facebook.swift.service.guice.TestThriftClientAndServerModules</td>
<td></td>
<td>0</td>
<td>com.facebook.swift.service.guice.TestThriftClientAndServerModules@17d0685f</td></tr>
<tr>
<td title='com.facebook.swift.service.server.TestThriftServer.testThriftServerShutdown()'><b>testThriftServerShutdown</b><br>Test class: com.facebook.swift.service.server.TestThriftServer</td>
<td></td>
<td>0</td>
<td>com.facebook.swift.service.server.TestThriftServer@22eeefeb</td></tr>
<tr>
<td title='com.facebook.swift.service.server.TestThriftServer.testThriftServerShutdownWithNoStartup()'><b>testThriftServerShutdownWithNoStartup</b><br>Test class: com.facebook.swift.service.server.TestThriftServer</td>
<td></td>
<td>0</td>
<td>com.facebook.swift.service.server.TestThriftServer@22eeefeb</td></tr>
<tr>
<td title='com.facebook.swift.service.TestThriftService.testThriftService()'><b>testThriftService</b><br>Test class: com.facebook.swift.service.TestThriftService</td>
<td></td>
<td>0</td>
<td>com.facebook.swift.service.TestThriftService@75881071</td></tr>
<tr>
<td title='com.facebook.swift.service.TestThriftSslService.testThriftService()'><b>testThriftService</b><br>Test class: com.facebook.swift.service.TestThriftSslService</td>
<td></td>
<td>0</td>
<td>com.facebook.swift.service.TestThriftSslService@1d371b2d</td></tr>
<tr>
<td title='com.facebook.swift.service.TestThriftTransportAttachObserver.testThriftService()'><b>testThriftService</b><br>Test class: com.facebook.swift.service.TestThriftTransportAttachObserver</td>
<td></td>
<td>0</td>
<td>com.facebook.swift.service.TestThriftTransportAttachObserver@289d1c02</td></tr>
<tr>
<td title='com.facebook.swift.service.TestThriftSslService.testThriftServicePlaintext()'><b>testThriftServicePlaintext</b><br>Test class: com.facebook.swift.service.TestThriftSslService</td>
<td></td>
<td>0</td>
<td>com.facebook.swift.service.TestThriftSslService@1d371b2d</td></tr>
<tr>
<td title='com.facebook.swift.service.guice.TestThriftClientAndServerModules.testThriftWithAnnotationBinding()'><b>testThriftWithAnnotationBinding</b><br>Test class: com.facebook.swift.service.guice.TestThriftClientAndServerModules</td>
<td></td>
<td>0</td>
<td>com.facebook.swift.service.guice.TestThriftClientAndServerModules@17d0685f</td></tr>
<tr>
<td title='com.facebook.swift.service.guice.TestThriftClientAndServerModules.testThriftWithKeyBinding()'><b>testThriftWithKeyBinding</b><br>Test class: com.facebook.swift.service.guice.TestThriftClientAndServerModules</td>
<td></td>
<td>0</td>
<td>com.facebook.swift.service.guice.TestThriftClientAndServerModules@17d0685f</td></tr>
<tr>
<td title='com.facebook.swift.service.exceptions.ExceptionTest.testThrowExceptedUncheckedException()'><b>testThrowExceptedUncheckedException</b><br>Test class: com.facebook.swift.service.exceptions.ExceptionTest</td>
<td><div><pre>com.facebook.swift.service.exceptions.ThriftUncheckedException
	at $wift.com.facebook.swift.service.exceptions.ThriftUncheckedExceptionCodec.read(Unknown Source)
	at $wift.com.facebook.swift.service.exceptions.ThriftUncheckedExceptionCodec.read(Unknown Source)
	at com.facebook.swift.codec.internal.TProtocolReader.readField(TProtocolReader.java:116)
	at com.facebook.swift.service.ThriftMethodHandler.readResponse(ThriftMethodHandler.java:277)
	at com.facebook.swift.service.ThriftMethodHandler.synchronousInvoke(ThriftMethodHandler.java:175)
	at com.facebook.swift.service.ThriftMethodHandler.invoke(ThriftMethodHandler.java:131)
	at com.facebook.swift.service.ThriftClientManager$ThriftInvocationHandler.invoke(ThriftClientManager.java:520)
	at com.sun.proxy.$Proxy23.throwExpectedThriftUncheckedException(Unknown Source)
	at com.facebook.swift.service.exceptions.ExceptionTest.testThrowExceptedUncheckedException(ExceptionTest.java:46)
... Removed 34 stack frames</pre></div><a href='#' onClick='toggleBox("stack-trace1681920301", this, "Click to show all stack frames", "Click to hide stack frames")'>Click to show all stack frames</a>
<div class='stack-trace' id='stack-trace1681920301'><pre>com.facebook.swift.service.exceptions.ThriftUncheckedException
	at $wift.com.facebook.swift.service.exceptions.ThriftUncheckedExceptionCodec.read(Unknown Source)
	at $wift.com.facebook.swift.service.exceptions.ThriftUncheckedExceptionCodec.read(Unknown Source)
	at com.facebook.swift.codec.internal.TProtocolReader.readField(TProtocolReader.java:116)
	at com.facebook.swift.service.ThriftMethodHandler.readResponse(ThriftMethodHandler.java:277)
	at com.facebook.swift.service.ThriftMethodHandler.synchronousInvoke(ThriftMethodHandler.java:175)
	at com.facebook.swift.service.ThriftMethodHandler.invoke(ThriftMethodHandler.java:131)
	at com.facebook.swift.service.ThriftClientManager$ThriftInvocationHandler.invoke(ThriftClientManager.java:520)
	at com.sun.proxy.$Proxy23.throwExpectedThriftUncheckedException(Unknown Source)
	at com.facebook.swift.service.exceptions.ExceptionTest.testThrowExceptedUncheckedException(ExceptionTest.java:46)
	at sun.reflect.NativeMethodAccessorImpl.invoke0(Native Method)
	at sun.reflect.NativeMethodAccessorImpl.invoke(NativeMethodAccessorImpl.java:62)
	at sun.reflect.DelegatingMethodAccessorImpl.invoke(DelegatingMethodAccessorImpl.java:43)
	at java.lang.reflect.Method.invoke(Method.java:498)
	at org.testng.internal.MethodInvocationHelper.invokeMethod(MethodInvocationHelper.java:85)
	at org.testng.internal.Invoker.invokeMethod(Invoker.java:639)
	at org.testng.internal.Invoker.invokeTestMethod(Invoker.java:821)
	at org.testng.internal.Invoker.invokeTestMethods(Invoker.java:1131)
	at org.testng.internal.TestMethodWorker.invokeTestMethods(TestMethodWorker.java:124)
	at org.testng.internal.TestMethodWorker.run(TestMethodWorker.java:108)
	at org.testng.TestRunner.privateRun(TestRunner.java:773)
	at org.testng.TestRunner.run(TestRunner.java:623)
	at org.testng.SuiteRunner.runTest(SuiteRunner.java:357)
	at org.testng.SuiteRunner.runSequentially(SuiteRunner.java:352)
	at org.testng.SuiteRunner.privateRun(SuiteRunner.java:310)
	at org.testng.SuiteRunner.run(SuiteRunner.java:259)
	at org.testng.SuiteRunnerWorker.runSuite(SuiteRunnerWorker.java:52)
	at org.testng.SuiteRunnerWorker.run(SuiteRunnerWorker.java:86)
	at org.testng.TestNG.runSuitesSequentially(TestNG.java:1185)
	at org.testng.TestNG.runSuitesLocally(TestNG.java:1110)
	at org.testng.TestNG.run(TestNG.java:1018)
	at org.apache.maven.surefire.testng.TestNGExecutor.run(TestNGExecutor.java:77)
	at org.apache.maven.surefire.testng.TestNGDirectoryTestSuite.executeMulti(TestNGDirectoryTestSuite.java:189)
	at org.apache.maven.surefire.testng.TestNGDirectoryTestSuite.execute(TestNGDirectoryTestSuite.java:105)
	at org.apache.maven.surefire.testng.TestNGProvider.invoke(TestNGProvider.java:117)
	at sun.reflect.NativeMethodAccessorImpl.invoke0(Native Method)
	at sun.reflect.NativeMethodAccessorImpl.invoke(NativeMethodAccessorImpl.java:62)
	at sun.reflect.DelegatingMethodAccessorImpl.invoke(DelegatingMethodAccessorImpl.java:43)
	at java.lang.reflect.Method.invoke(Method.java:498)
	at org.apache.maven.surefire.util.ReflectionUtils.invokeMethodWithArray2(ReflectionUtils.java:208)
	at org.apache.maven.surefire.booter.ProviderFactory$ProviderProxy.invoke(ProviderFactory.java:158)
	at org.apache.maven.surefire.booter.ProviderFactory.invokeProvider(ProviderFactory.java:86)
	at org.apache.maven.surefire.booter.ForkedBooter.runSuitesInProcess(ForkedBooter.java:153)
	at org.apache.maven.surefire.booter.ForkedBooter.main(ForkedBooter.java:95)
</pre></div></td>
<td>0</td>
<td>com.facebook.swift.service.exceptions.ExceptionTest@12c8a2c0</td></tr>
<tr>
<td title='com.facebook.swift.service.exceptions.ExceptionTest.testThrowExceptionInEventHandlersCode()'><b>testThrowExceptionInEventHandlersCode</b><br>Test class: com.facebook.swift.service.exceptions.ExceptionTest</td>
<td><div><pre>org.apache.thrift.TApplicationException: This is an exception for testing if event handler exceptions propagate to the client 
	at org.apache.thrift.TApplicationException.read(TApplicationException.java:111)
	at com.facebook.swift.service.ThriftMethodHandler.waitForResponse(ThriftMethodHandler.java:330)
	at com.facebook.swift.service.ThriftMethodHandler.synchronousInvoke(ThriftMethodHandler.java:174)
	at com.facebook.swift.service.ThriftMethodHandler.invoke(ThriftMethodHandler.java:131)
	at com.facebook.swift.service.ThriftClientManager$ThriftInvocationHandler.invoke(ThriftClientManager.java:520)
	at com.sun.proxy.$Proxy23.throwExceptionInEventHandlersCode(Unknown Source)
	at com.facebook.swift.service.exceptions.ExceptionTest.testThrowExceptionInEventHandlersCode(ExceptionTest.java:112)
... Removed 34 stack frames</pre></div><a href='#' onClick='toggleBox("stack-trace811597470", this, "Click to show all stack frames", "Click to hide stack frames")'>Click to show all stack frames</a>
<div class='stack-trace' id='stack-trace811597470'><pre>org.apache.thrift.TApplicationException: This is an exception for testing if event handler exceptions propagate to the client 
	at org.apache.thrift.TApplicationException.read(TApplicationException.java:111)
	at com.facebook.swift.service.ThriftMethodHandler.waitForResponse(ThriftMethodHandler.java:330)
	at com.facebook.swift.service.ThriftMethodHandler.synchronousInvoke(ThriftMethodHandler.java:174)
	at com.facebook.swift.service.ThriftMethodHandler.invoke(ThriftMethodHandler.java:131)
	at com.facebook.swift.service.ThriftClientManager$ThriftInvocationHandler.invoke(ThriftClientManager.java:520)
	at com.sun.proxy.$Proxy23.throwExceptionInEventHandlersCode(Unknown Source)
	at com.facebook.swift.service.exceptions.ExceptionTest.testThrowExceptionInEventHandlersCode(ExceptionTest.java:112)
	at sun.reflect.NativeMethodAccessorImpl.invoke0(Native Method)
	at sun.reflect.NativeMethodAccessorImpl.invoke(NativeMethodAccessorImpl.java:62)
	at sun.reflect.DelegatingMethodAccessorImpl.invoke(DelegatingMethodAccessorImpl.java:43)
	at java.lang.reflect.Method.invoke(Method.java:498)
	at org.testng.internal.MethodInvocationHelper.invokeMethod(MethodInvocationHelper.java:85)
	at org.testng.internal.Invoker.invokeMethod(Invoker.java:639)
	at org.testng.internal.Invoker.invokeTestMethod(Invoker.java:821)
	at org.testng.internal.Invoker.invokeTestMethods(Invoker.java:1131)
	at org.testng.internal.TestMethodWorker.invokeTestMethods(TestMethodWorker.java:124)
	at org.testng.internal.TestMethodWorker.run(TestMethodWorker.java:108)
	at org.testng.TestRunner.privateRun(TestRunner.java:773)
	at org.testng.TestRunner.run(TestRunner.java:623)
	at org.testng.SuiteRunner.runTest(SuiteRunner.java:357)
	at org.testng.SuiteRunner.runSequentially(SuiteRunner.java:352)
	at org.testng.SuiteRunner.privateRun(SuiteRunner.java:310)
	at org.testng.SuiteRunner.run(SuiteRunner.java:259)
	at org.testng.SuiteRunnerWorker.runSuite(SuiteRunnerWorker.java:52)
	at org.testng.SuiteRunnerWorker.run(SuiteRunnerWorker.java:86)
	at org.testng.TestNG.runSuitesSequentially(TestNG.java:1185)
	at org.testng.TestNG.runSuitesLocally(TestNG.java:1110)
	at org.testng.TestNG.run(TestNG.java:1018)
	at org.apache.maven.surefire.testng.TestNGExecutor.run(TestNGExecutor.java:77)
	at org.apache.maven.surefire.testng.TestNGDirectoryTestSuite.executeMulti(TestNGDirectoryTestSuite.java:189)
	at org.apache.maven.surefire.testng.TestNGDirectoryTestSuite.execute(TestNGDirectoryTestSuite.java:105)
	at org.apache.maven.surefire.testng.TestNGProvider.invoke(TestNGProvider.java:117)
	at sun.reflect.NativeMethodAccessorImpl.invoke0(Native Method)
	at sun.reflect.NativeMethodAccessorImpl.invoke(NativeMethodAccessorImpl.java:62)
	at sun.reflect.DelegatingMethodAccessorImpl.invoke(DelegatingMethodAccessorImpl.java:43)
	at java.lang.reflect.Method.invoke(Method.java:498)
	at org.apache.maven.surefire.util.ReflectionUtils.invokeMethodWithArray2(ReflectionUtils.java:208)
	at org.apache.maven.surefire.booter.ProviderFactory$ProviderProxy.invoke(ProviderFactory.java:158)
	at org.apache.maven.surefire.booter.ProviderFactory.invokeProvider(ProviderFactory.java:86)
	at org.apache.maven.surefire.booter.ForkedBooter.runSuitesInProcess(ForkedBooter.java:153)
	at org.apache.maven.surefire.booter.ForkedBooter.main(ForkedBooter.java:95)
</pre></div></td>
<td>0</td>
<td>com.facebook.swift.service.exceptions.ExceptionTest@12c8a2c0</td></tr>
<tr>
<td title='com.facebook.swift.service.exceptions.ExceptionTest.testThrowExpectedCheckedException()'><b>testThrowExpectedCheckedException</b><br>Test class: com.facebook.swift.service.exceptions.ExceptionTest</td>
<td><div><pre>com.facebook.swift.service.exceptions.ThriftCheckedException
	at $wift.com.facebook.swift.service.exceptions.ThriftCheckedExceptionCodec.read(Unknown Source)
	at $wift.com.facebook.swift.service.exceptions.ThriftCheckedExceptionCodec.read(Unknown Source)
	at com.facebook.swift.codec.internal.TProtocolReader.readField(TProtocolReader.java:116)
	at com.facebook.swift.service.ThriftMethodHandler.readResponse(ThriftMethodHandler.java:277)
	at com.facebook.swift.service.ThriftMethodHandler.synchronousInvoke(ThriftMethodHandler.java:175)
	at com.facebook.swift.service.ThriftMethodHandler.invoke(ThriftMethodHandler.java:131)
	at com.facebook.swift.service.ThriftClientManager$ThriftInvocationHandler.invoke(ThriftClientManager.java:520)
	at com.sun.proxy.$Proxy23.throwExpectedThriftCheckedException(Unknown Source)
	at com.facebook.swift.service.exceptions.ExceptionTest.testThrowExpectedCheckedException(ExceptionTest.java:41)
... Removed 34 stack frames</pre></div><a href='#' onClick='toggleBox("stack-trace116734858", this, "Click to show all stack frames", "Click to hide stack frames")'>Click to show all stack frames</a>
<div class='stack-trace' id='stack-trace116734858'><pre>com.facebook.swift.service.exceptions.ThriftCheckedException
	at $wift.com.facebook.swift.service.exceptions.ThriftCheckedExceptionCodec.read(Unknown Source)
	at $wift.com.facebook.swift.service.exceptions.ThriftCheckedExceptionCodec.read(Unknown Source)
	at com.facebook.swift.codec.internal.TProtocolReader.readField(TProtocolReader.java:116)
	at com.facebook.swift.service.ThriftMethodHandler.readResponse(ThriftMethodHandler.java:277)
	at com.facebook.swift.service.ThriftMethodHandler.synchronousInvoke(ThriftMethodHandler.java:175)
	at com.facebook.swift.service.ThriftMethodHandler.invoke(ThriftMethodHandler.java:131)
	at com.facebook.swift.service.ThriftClientManager$ThriftInvocationHandler.invoke(ThriftClientManager.java:520)
	at com.sun.proxy.$Proxy23.throwExpectedThriftCheckedException(Unknown Source)
	at com.facebook.swift.service.exceptions.ExceptionTest.testThrowExpectedCheckedException(ExceptionTest.java:41)
	at sun.reflect.NativeMethodAccessorImpl.invoke0(Native Method)
	at sun.reflect.NativeMethodAccessorImpl.invoke(NativeMethodAccessorImpl.java:62)
	at sun.reflect.DelegatingMethodAccessorImpl.invoke(DelegatingMethodAccessorImpl.java:43)
	at java.lang.reflect.Method.invoke(Method.java:498)
	at org.testng.internal.MethodInvocationHelper.invokeMethod(MethodInvocationHelper.java:85)
	at org.testng.internal.Invoker.invokeMethod(Invoker.java:639)
	at org.testng.internal.Invoker.invokeTestMethod(Invoker.java:821)
	at org.testng.internal.Invoker.invokeTestMethods(Invoker.java:1131)
	at org.testng.internal.TestMethodWorker.invokeTestMethods(TestMethodWorker.java:124)
	at org.testng.internal.TestMethodWorker.run(TestMethodWorker.java:108)
	at org.testng.TestRunner.privateRun(TestRunner.java:773)
	at org.testng.TestRunner.run(TestRunner.java:623)
	at org.testng.SuiteRunner.runTest(SuiteRunner.java:357)
	at org.testng.SuiteRunner.runSequentially(SuiteRunner.java:352)
	at org.testng.SuiteRunner.privateRun(SuiteRunner.java:310)
	at org.testng.SuiteRunner.run(SuiteRunner.java:259)
	at org.testng.SuiteRunnerWorker.runSuite(SuiteRunnerWorker.java:52)
	at org.testng.SuiteRunnerWorker.run(SuiteRunnerWorker.java:86)
	at org.testng.TestNG.runSuitesSequentially(TestNG.java:1185)
	at org.testng.TestNG.runSuitesLocally(TestNG.java:1110)
	at org.testng.TestNG.run(TestNG.java:1018)
	at org.apache.maven.surefire.testng.TestNGExecutor.run(TestNGExecutor.java:77)
	at org.apache.maven.surefire.testng.TestNGDirectoryTestSuite.executeMulti(TestNGDirectoryTestSuite.java:189)
	at org.apache.maven.surefire.testng.TestNGDirectoryTestSuite.execute(TestNGDirectoryTestSuite.java:105)
	at org.apache.maven.surefire.testng.TestNGProvider.invoke(TestNGProvider.java:117)
	at sun.reflect.NativeMethodAccessorImpl.invoke0(Native Method)
	at sun.reflect.NativeMethodAccessorImpl.invoke(NativeMethodAccessorImpl.java:62)
	at sun.reflect.DelegatingMethodAccessorImpl.invoke(DelegatingMethodAccessorImpl.java:43)
	at java.lang.reflect.Method.invoke(Method.java:498)
	at org.apache.maven.surefire.util.ReflectionUtils.invokeMethodWithArray2(ReflectionUtils.java:208)
	at org.apache.maven.surefire.booter.ProviderFactory$ProviderProxy.invoke(ProviderFactory.java:158)
	at org.apache.maven.surefire.booter.ProviderFactory.invokeProvider(ProviderFactory.java:86)
	at org.apache.maven.surefire.booter.ForkedBooter.runSuitesInProcess(ForkedBooter.java:153)
	at org.apache.maven.surefire.booter.ForkedBooter.main(ForkedBooter.java:95)
</pre></div></td>
<td>0</td>
<td>com.facebook.swift.service.exceptions.ExceptionTest@12c8a2c0</td></tr>
<tr>
<td title='com.facebook.swift.service.exceptions.ExceptionTest.testThrowSubclassOfSubclassableException()'><b>testThrowSubclassOfSubclassableException</b><br>Test class: com.facebook.swift.service.exceptions.ExceptionTest</td>
<td></td>
<td>0</td>
<td>com.facebook.swift.service.exceptions.ExceptionTest@12c8a2c0</td></tr>
<tr>
<td title='com.facebook.swift.service.exceptions.ExceptionTest.testThrowSubclassableException()'><b>testThrowSubclassableException</b><br>Test class: com.facebook.swift.service.exceptions.ExceptionTest</td>
<td></td>
<td>0</td>
<td>com.facebook.swift.service.exceptions.ExceptionTest@12c8a2c0</td></tr>
<tr>
<td title='com.facebook.swift.service.exceptions.ExceptionTest.testThrowUnexpectedNonThriftCheckedException()'><b>testThrowUnexpectedNonThriftCheckedException</b><br>Test class: com.facebook.swift.service.exceptions.ExceptionTest</td>
<td><div><pre>org.apache.thrift.TApplicationException: Internal error processing throwUnexpectedNonThriftCheckedException: null
	at org.apache.thrift.TApplicationException.read(TApplicationException.java:111)
	at com.facebook.swift.service.ThriftMethodHandler.waitForResponse(ThriftMethodHandler.java:330)
	at com.facebook.swift.service.ThriftMethodHandler.synchronousInvoke(ThriftMethodHandler.java:174)
	at com.facebook.swift.service.ThriftMethodHandler.invoke(ThriftMethodHandler.java:131)
	at com.facebook.swift.service.ThriftClientManager$ThriftInvocationHandler.invoke(ThriftClientManager.java:520)
	at com.sun.proxy.$Proxy23.throwUnexpectedNonThriftCheckedException(Unknown Source)
	at com.facebook.swift.service.exceptions.ExceptionTest.testThrowUnexpectedNonThriftCheckedException(ExceptionTest.java:70)
... Removed 34 stack frames</pre></div><a href='#' onClick='toggleBox("stack-trace2129442232", this, "Click to show all stack frames", "Click to hide stack frames")'>Click to show all stack frames</a>
<div class='stack-trace' id='stack-trace2129442232'><pre>org.apache.thrift.TApplicationException: Internal error processing throwUnexpectedNonThriftCheckedException: null
	at org.apache.thrift.TApplicationException.read(TApplicationException.java:111)
	at com.facebook.swift.service.ThriftMethodHandler.waitForResponse(ThriftMethodHandler.java:330)
	at com.facebook.swift.service.ThriftMethodHandler.synchronousInvoke(ThriftMethodHandler.java:174)
	at com.facebook.swift.service.ThriftMethodHandler.invoke(ThriftMethodHandler.java:131)
	at com.facebook.swift.service.ThriftClientManager$ThriftInvocationHandler.invoke(ThriftClientManager.java:520)
	at com.sun.proxy.$Proxy23.throwUnexpectedNonThriftCheckedException(Unknown Source)
	at com.facebook.swift.service.exceptions.ExceptionTest.testThrowUnexpectedNonThriftCheckedException(ExceptionTest.java:70)
	at sun.reflect.NativeMethodAccessorImpl.invoke0(Native Method)
	at sun.reflect.NativeMethodAccessorImpl.invoke(NativeMethodAccessorImpl.java:62)
	at sun.reflect.DelegatingMethodAccessorImpl.invoke(DelegatingMethodAccessorImpl.java:43)
	at java.lang.reflect.Method.invoke(Method.java:498)
	at org.testng.internal.MethodInvocationHelper.invokeMethod(MethodInvocationHelper.java:85)
	at org.testng.internal.Invoker.invokeMethod(Invoker.java:639)
	at org.testng.internal.Invoker.invokeTestMethod(Invoker.java:821)
	at org.testng.internal.Invoker.invokeTestMethods(Invoker.java:1131)
	at org.testng.internal.TestMethodWorker.invokeTestMethods(TestMethodWorker.java:124)
	at org.testng.internal.TestMethodWorker.run(TestMethodWorker.java:108)
	at org.testng.TestRunner.privateRun(TestRunner.java:773)
	at org.testng.TestRunner.run(TestRunner.java:623)
	at org.testng.SuiteRunner.runTest(SuiteRunner.java:357)
	at org.testng.SuiteRunner.runSequentially(SuiteRunner.java:352)
	at org.testng.SuiteRunner.privateRun(SuiteRunner.java:310)
	at org.testng.SuiteRunner.run(SuiteRunner.java:259)
	at org.testng.SuiteRunnerWorker.runSuite(SuiteRunnerWorker.java:52)
	at org.testng.SuiteRunnerWorker.run(SuiteRunnerWorker.java:86)
	at org.testng.TestNG.runSuitesSequentially(TestNG.java:1185)
	at org.testng.TestNG.runSuitesLocally(TestNG.java:1110)
	at org.testng.TestNG.run(TestNG.java:1018)
	at org.apache.maven.surefire.testng.TestNGExecutor.run(TestNGExecutor.java:77)
	at org.apache.maven.surefire.testng.TestNGDirectoryTestSuite.executeMulti(TestNGDirectoryTestSuite.java:189)
	at org.apache.maven.surefire.testng.TestNGDirectoryTestSuite.execute(TestNGDirectoryTestSuite.java:105)
	at org.apache.maven.surefire.testng.TestNGProvider.invoke(TestNGProvider.java:117)
	at sun.reflect.NativeMethodAccessorImpl.invoke0(Native Method)
	at sun.reflect.NativeMethodAccessorImpl.invoke(NativeMethodAccessorImpl.java:62)
	at sun.reflect.DelegatingMethodAccessorImpl.invoke(DelegatingMethodAccessorImpl.java:43)
	at java.lang.reflect.Method.invoke(Method.java:498)
	at org.apache.maven.surefire.util.ReflectionUtils.invokeMethodWithArray2(ReflectionUtils.java:208)
	at org.apache.maven.surefire.booter.ProviderFactory$ProviderProxy.invoke(ProviderFactory.java:158)
	at org.apache.maven.surefire.booter.ProviderFactory.invokeProvider(ProviderFactory.java:86)
	at org.apache.maven.surefire.booter.ForkedBooter.runSuitesInProcess(ForkedBooter.java:153)
	at org.apache.maven.surefire.booter.ForkedBooter.main(ForkedBooter.java:95)
</pre></div></td>
<td>0</td>
<td>com.facebook.swift.service.exceptions.ExceptionTest@12c8a2c0</td></tr>
<tr>
<td title='com.facebook.swift.service.exceptions.ExceptionTest.testThrowUnexpectedNonThriftUncheckedException()'><b>testThrowUnexpectedNonThriftUncheckedException</b><br>Test class: com.facebook.swift.service.exceptions.ExceptionTest</td>
<td><div><pre>org.apache.thrift.TApplicationException: Internal error processing throwUnexpectedNonThriftUncheckedException: null
	at org.apache.thrift.TApplicationException.read(TApplicationException.java:111)
	at com.facebook.swift.service.ThriftMethodHandler.waitForResponse(ThriftMethodHandler.java:330)
	at com.facebook.swift.service.ThriftMethodHandler.synchronousInvoke(ThriftMethodHandler.java:174)
	at com.facebook.swift.service.ThriftMethodHandler.invoke(ThriftMethodHandler.java:131)
	at com.facebook.swift.service.ThriftClientManager$ThriftInvocationHandler.invoke(ThriftClientManager.java:520)
	at com.sun.proxy.$Proxy23.throwUnexpectedNonThriftUncheckedException(Unknown Source)
	at com.facebook.swift.service.exceptions.ExceptionTest.testThrowUnexpectedNonThriftUncheckedException(ExceptionTest.java:75)
... Removed 34 stack frames</pre></div><a href='#' onClick='toggleBox("stack-trace1518331471", this, "Click to show all stack frames", "Click to hide stack frames")'>Click to show all stack frames</a>
<div class='stack-trace' id='stack-trace1518331471'><pre>org.apache.thrift.TApplicationException: Internal error processing throwUnexpectedNonThriftUncheckedException: null
	at org.apache.thrift.TApplicationException.read(TApplicationException.java:111)
	at com.facebook.swift.service.ThriftMethodHandler.waitForResponse(ThriftMethodHandler.java:330)
	at com.facebook.swift.service.ThriftMethodHandler.synchronousInvoke(ThriftMethodHandler.java:174)
	at com.facebook.swift.service.ThriftMethodHandler.invoke(ThriftMethodHandler.java:131)
	at com.facebook.swift.service.ThriftClientManager$ThriftInvocationHandler.invoke(ThriftClientManager.java:520)
	at com.sun.proxy.$Proxy23.throwUnexpectedNonThriftUncheckedException(Unknown Source)
	at com.facebook.swift.service.exceptions.ExceptionTest.testThrowUnexpectedNonThriftUncheckedException(ExceptionTest.java:75)
	at sun.reflect.NativeMethodAccessorImpl.invoke0(Native Method)
	at sun.reflect.NativeMethodAccessorImpl.invoke(NativeMethodAccessorImpl.java:62)
	at sun.reflect.DelegatingMethodAccessorImpl.invoke(DelegatingMethodAccessorImpl.java:43)
	at java.lang.reflect.Method.invoke(Method.java:498)
	at org.testng.internal.MethodInvocationHelper.invokeMethod(MethodInvocationHelper.java:85)
	at org.testng.internal.Invoker.invokeMethod(Invoker.java:639)
	at org.testng.internal.Invoker.invokeTestMethod(Invoker.java:821)
	at org.testng.internal.Invoker.invokeTestMethods(Invoker.java:1131)
	at org.testng.internal.TestMethodWorker.invokeTestMethods(TestMethodWorker.java:124)
	at org.testng.internal.TestMethodWorker.run(TestMethodWorker.java:108)
	at org.testng.TestRunner.privateRun(TestRunner.java:773)
	at org.testng.TestRunner.run(TestRunner.java:623)
	at org.testng.SuiteRunner.runTest(SuiteRunner.java:357)
	at org.testng.SuiteRunner.runSequentially(SuiteRunner.java:352)
	at org.testng.SuiteRunner.privateRun(SuiteRunner.java:310)
	at org.testng.SuiteRunner.run(SuiteRunner.java:259)
	at org.testng.SuiteRunnerWorker.runSuite(SuiteRunnerWorker.java:52)
	at org.testng.SuiteRunnerWorker.run(SuiteRunnerWorker.java:86)
	at org.testng.TestNG.runSuitesSequentially(TestNG.java:1185)
	at org.testng.TestNG.runSuitesLocally(TestNG.java:1110)
	at org.testng.TestNG.run(TestNG.java:1018)
	at org.apache.maven.surefire.testng.TestNGExecutor.run(TestNGExecutor.java:77)
	at org.apache.maven.surefire.testng.TestNGDirectoryTestSuite.executeMulti(TestNGDirectoryTestSuite.java:189)
	at org.apache.maven.surefire.testng.TestNGDirectoryTestSuite.execute(TestNGDirectoryTestSuite.java:105)
	at org.apache.maven.surefire.testng.TestNGProvider.invoke(TestNGProvider.java:117)
	at sun.reflect.NativeMethodAccessorImpl.invoke0(Native Method)
	at sun.reflect.NativeMethodAccessorImpl.invoke(NativeMethodAccessorImpl.java:62)
	at sun.reflect.DelegatingMethodAccessorImpl.invoke(DelegatingMethodAccessorImpl.java:43)
	at java.lang.reflect.Method.invoke(Method.java:498)
	at org.apache.maven.surefire.util.ReflectionUtils.invokeMethodWithArray2(ReflectionUtils.java:208)
	at org.apache.maven.surefire.booter.ProviderFactory$ProviderProxy.invoke(ProviderFactory.java:158)
	at org.apache.maven.surefire.booter.ProviderFactory.invokeProvider(ProviderFactory.java:86)
	at org.apache.maven.surefire.booter.ForkedBooter.runSuitesInProcess(ForkedBooter.java:153)
	at org.apache.maven.surefire.booter.ForkedBooter.main(ForkedBooter.java:95)
</pre></div></td>
<td>0</td>
<td>com.facebook.swift.service.exceptions.ExceptionTest@12c8a2c0</td></tr>
<tr>
<td title='com.facebook.swift.service.exceptions.ExceptionTest.testThrowUnexpectedThriftUncheckedException()'><b>testThrowUnexpectedThriftUncheckedException</b><br>Test class: com.facebook.swift.service.exceptions.ExceptionTest</td>
<td><div><pre>org.apache.thrift.TApplicationException: Internal error processing throwUnexpectedThriftUncheckedException: null
	at org.apache.thrift.TApplicationException.read(TApplicationException.java:111)
	at com.facebook.swift.service.ThriftMethodHandler.waitForResponse(ThriftMethodHandler.java:330)
	at com.facebook.swift.service.ThriftMethodHandler.synchronousInvoke(ThriftMethodHandler.java:174)
	at com.facebook.swift.service.ThriftMethodHandler.invoke(ThriftMethodHandler.java:131)
	at com.facebook.swift.service.ThriftClientManager$ThriftInvocationHandler.invoke(ThriftClientManager.java:520)
	at com.sun.proxy.$Proxy23.throwUnexpectedThriftUncheckedException(Unknown Source)
	at com.facebook.swift.service.exceptions.ExceptionTest.testThrowUnexpectedThriftUncheckedException(ExceptionTest.java:65)
... Removed 34 stack frames</pre></div><a href='#' onClick='toggleBox("stack-trace98826337", this, "Click to show all stack frames", "Click to hide stack frames")'>Click to show all stack frames</a>
<div class='stack-trace' id='stack-trace98826337'><pre>org.apache.thrift.TApplicationException: Internal error processing throwUnexpectedThriftUncheckedException: null
	at org.apache.thrift.TApplicationException.read(TApplicationException.java:111)
	at com.facebook.swift.service.ThriftMethodHandler.waitForResponse(ThriftMethodHandler.java:330)
	at com.facebook.swift.service.ThriftMethodHandler.synchronousInvoke(ThriftMethodHandler.java:174)
	at com.facebook.swift.service.ThriftMethodHandler.invoke(ThriftMethodHandler.java:131)
	at com.facebook.swift.service.ThriftClientManager$ThriftInvocationHandler.invoke(ThriftClientManager.java:520)
	at com.sun.proxy.$Proxy23.throwUnexpectedThriftUncheckedException(Unknown Source)
	at com.facebook.swift.service.exceptions.ExceptionTest.testThrowUnexpectedThriftUncheckedException(ExceptionTest.java:65)
	at sun.reflect.NativeMethodAccessorImpl.invoke0(Native Method)
	at sun.reflect.NativeMethodAccessorImpl.invoke(NativeMethodAccessorImpl.java:62)
	at sun.reflect.DelegatingMethodAccessorImpl.invoke(DelegatingMethodAccessorImpl.java:43)
	at java.lang.reflect.Method.invoke(Method.java:498)
	at org.testng.internal.MethodInvocationHelper.invokeMethod(MethodInvocationHelper.java:85)
	at org.testng.internal.Invoker.invokeMethod(Invoker.java:639)
	at org.testng.internal.Invoker.invokeTestMethod(Invoker.java:821)
	at org.testng.internal.Invoker.invokeTestMethods(Invoker.java:1131)
	at org.testng.internal.TestMethodWorker.invokeTestMethods(TestMethodWorker.java:124)
	at org.testng.internal.TestMethodWorker.run(TestMethodWorker.java:108)
	at org.testng.TestRunner.privateRun(TestRunner.java:773)
	at org.testng.TestRunner.run(TestRunner.java:623)
	at org.testng.SuiteRunner.runTest(SuiteRunner.java:357)
	at org.testng.SuiteRunner.runSequentially(SuiteRunner.java:352)
	at org.testng.SuiteRunner.privateRun(SuiteRunner.java:310)
	at org.testng.SuiteRunner.run(SuiteRunner.java:259)
	at org.testng.SuiteRunnerWorker.runSuite(SuiteRunnerWorker.java:52)
	at org.testng.SuiteRunnerWorker.run(SuiteRunnerWorker.java:86)
	at org.testng.TestNG.runSuitesSequentially(TestNG.java:1185)
	at org.testng.TestNG.runSuitesLocally(TestNG.java:1110)
	at org.testng.TestNG.run(TestNG.java:1018)
	at org.apache.maven.surefire.testng.TestNGExecutor.run(TestNGExecutor.java:77)
	at org.apache.maven.surefire.testng.TestNGDirectoryTestSuite.executeMulti(TestNGDirectoryTestSuite.java:189)
	at org.apache.maven.surefire.testng.TestNGDirectoryTestSuite.execute(TestNGDirectoryTestSuite.java:105)
	at org.apache.maven.surefire.testng.TestNGProvider.invoke(TestNGProvider.java:117)
	at sun.reflect.NativeMethodAccessorImpl.invoke0(Native Method)
	at sun.reflect.NativeMethodAccessorImpl.invoke(NativeMethodAccessorImpl.java:62)
	at sun.reflect.DelegatingMethodAccessorImpl.invoke(DelegatingMethodAccessorImpl.java:43)
	at java.lang.reflect.Method.invoke(Method.java:498)
	at org.apache.maven.surefire.util.ReflectionUtils.invokeMethodWithArray2(ReflectionUtils.java:208)
	at org.apache.maven.surefire.booter.ProviderFactory$ProviderProxy.invoke(ProviderFactory.java:158)
	at org.apache.maven.surefire.booter.ProviderFactory.invokeProvider(ProviderFactory.java:86)
	at org.apache.maven.surefire.booter.ForkedBooter.runSuitesInProcess(ForkedBooter.java:153)
	at org.apache.maven.surefire.booter.ForkedBooter.main(ForkedBooter.java:95)
</pre></div></td>
<td>0</td>
<td>com.facebook.swift.service.exceptions.ExceptionTest@12c8a2c0</td></tr>
<tr>
<td title='com.facebook.swift.service.exceptions.ExceptionTest.testThrowWrongThriftException()'><b>testThrowWrongThriftException</b><br>Test class: com.facebook.swift.service.exceptions.ExceptionTest</td>
<td><div><pre>org.apache.thrift.TApplicationException: Internal error processing throwWrongThriftException: null
	at org.apache.thrift.TApplicationException.read(TApplicationException.java:111)
	at com.facebook.swift.service.ThriftMethodHandler.waitForResponse(ThriftMethodHandler.java:330)
	at com.facebook.swift.service.ThriftMethodHandler.synchronousInvoke(ThriftMethodHandler.java:174)
	at com.facebook.swift.service.ThriftMethodHandler.invoke(ThriftMethodHandler.java:131)
	at com.facebook.swift.service.ThriftClientManager$ThriftInvocationHandler.invoke(ThriftClientManager.java:520)
	at com.sun.proxy.$Proxy23.throwWrongThriftException(Unknown Source)
	at com.facebook.swift.service.exceptions.ExceptionTest.testThrowWrongThriftException(ExceptionTest.java:51)
... Removed 34 stack frames</pre></div><a href='#' onClick='toggleBox("stack-trace2037764568", this, "Click to show all stack frames", "Click to hide stack frames")'>Click to show all stack frames</a>
<div class='stack-trace' id='stack-trace2037764568'><pre>org.apache.thrift.TApplicationException: Internal error processing throwWrongThriftException: null
	at org.apache.thrift.TApplicationException.read(TApplicationException.java:111)
	at com.facebook.swift.service.ThriftMethodHandler.waitForResponse(ThriftMethodHandler.java:330)
	at com.facebook.swift.service.ThriftMethodHandler.synchronousInvoke(ThriftMethodHandler.java:174)
	at com.facebook.swift.service.ThriftMethodHandler.invoke(ThriftMethodHandler.java:131)
	at com.facebook.swift.service.ThriftClientManager$ThriftInvocationHandler.invoke(ThriftClientManager.java:520)
	at com.sun.proxy.$Proxy23.throwWrongThriftException(Unknown Source)
	at com.facebook.swift.service.exceptions.ExceptionTest.testThrowWrongThriftException(ExceptionTest.java:51)
	at sun.reflect.NativeMethodAccessorImpl.invoke0(Native Method)
	at sun.reflect.NativeMethodAccessorImpl.invoke(NativeMethodAccessorImpl.java:62)
	at sun.reflect.DelegatingMethodAccessorImpl.invoke(DelegatingMethodAccessorImpl.java:43)
	at java.lang.reflect.Method.invoke(Method.java:498)
	at org.testng.internal.MethodInvocationHelper.invokeMethod(MethodInvocationHelper.java:85)
	at org.testng.internal.Invoker.invokeMethod(Invoker.java:639)
	at org.testng.internal.Invoker.invokeTestMethod(Invoker.java:821)
	at org.testng.internal.Invoker.invokeTestMethods(Invoker.java:1131)
	at org.testng.internal.TestMethodWorker.invokeTestMethods(TestMethodWorker.java:124)
	at org.testng.internal.TestMethodWorker.run(TestMethodWorker.java:108)
	at org.testng.TestRunner.privateRun(TestRunner.java:773)
	at org.testng.TestRunner.run(TestRunner.java:623)
	at org.testng.SuiteRunner.runTest(SuiteRunner.java:357)
	at org.testng.SuiteRunner.runSequentially(SuiteRunner.java:352)
	at org.testng.SuiteRunner.privateRun(SuiteRunner.java:310)
	at org.testng.SuiteRunner.run(SuiteRunner.java:259)
	at org.testng.SuiteRunnerWorker.runSuite(SuiteRunnerWorker.java:52)
	at org.testng.SuiteRunnerWorker.run(SuiteRunnerWorker.java:86)
	at org.testng.TestNG.runSuitesSequentially(TestNG.java:1185)
	at org.testng.TestNG.runSuitesLocally(TestNG.java:1110)
	at org.testng.TestNG.run(TestNG.java:1018)
	at org.apache.maven.surefire.testng.TestNGExecutor.run(TestNGExecutor.java:77)
	at org.apache.maven.surefire.testng.TestNGDirectoryTestSuite.executeMulti(TestNGDirectoryTestSuite.java:189)
	at org.apache.maven.surefire.testng.TestNGDirectoryTestSuite.execute(TestNGDirectoryTestSuite.java:105)
	at org.apache.maven.surefire.testng.TestNGProvider.invoke(TestNGProvider.java:117)
	at sun.reflect.NativeMethodAccessorImpl.invoke0(Native Method)
	at sun.reflect.NativeMethodAccessorImpl.invoke(NativeMethodAccessorImpl.java:62)
	at sun.reflect.DelegatingMethodAccessorImpl.invoke(DelegatingMethodAccessorImpl.java:43)
	at java.lang.reflect.Method.invoke(Method.java:498)
	at org.apache.maven.surefire.util.ReflectionUtils.invokeMethodWithArray2(ReflectionUtils.java:208)
	at org.apache.maven.surefire.booter.ProviderFactory$ProviderProxy.invoke(ProviderFactory.java:158)
	at org.apache.maven.surefire.booter.ProviderFactory.invokeProvider(ProviderFactory.java:86)
	at org.apache.maven.surefire.booter.ForkedBooter.runSuitesInProcess(ForkedBooter.java:153)
	at org.apache.maven.surefire.booter.ForkedBooter.main(ForkedBooter.java:95)
</pre></div></td>
<td>0</td>
<td>com.facebook.swift.service.exceptions.ExceptionTest@12c8a2c0</td></tr>
<tr>
<td title='com.facebook.swift.service.unframed.UnframedTest.testUnframedAsyncMethod()'><b>testUnframedAsyncMethod</b><br>Test class: com.facebook.swift.service.unframed.UnframedTest</td>
<td></td>
<td>0</td>
<td>com.facebook.swift.service.unframed.UnframedTest@7403c468</td></tr>
<tr>
<td title='com.facebook.swift.service.unframed.UnframedTest.testUnframedSyncMethod()'><b>testUnframedSyncMethod</b><br>Test class: com.facebook.swift.service.unframed.UnframedTest</td>
<td></td>
<td>0</td>
<td>com.facebook.swift.service.unframed.UnframedTest@7403c468</td></tr>
<tr>
<td title='com.facebook.swift.service.metadata.TestThriftMethodMetadata.testUninferrableException()'><b>testUninferrableException</b><br>Test class: com.facebook.swift.service.metadata.TestThriftMethodMetadata</td>
<td><div><pre>java.lang.IllegalStateException: ThriftMethod.exception annotation value must be specified when more than one custom exception is thrown.
	at com.google.common.base.Preconditions.checkState(Preconditions.java:173)
	at com.facebook.swift.service.metadata.ThriftMethodMetadata.buildExceptionMap(ThriftMethodMetadata.java:235)
	at com.facebook.swift.service.metadata.ThriftMethodMetadata.&lt;init&gt;(ThriftMethodMetadata.java:166)
	at com.facebook.swift.service.metadata.TestThriftMethodMetadata.assertExceptions(TestThriftMethodMetadata.java:79)
	at com.facebook.swift.service.metadata.TestThriftMethodMetadata.testUninferrableException(TestThriftMethodMetadata.java:74)
... Removed 34 stack frames</pre></div><a href='#' onClick='toggleBox("stack-trace1385750189", this, "Click to show all stack frames", "Click to hide stack frames")'>Click to show all stack frames</a>
<div class='stack-trace' id='stack-trace1385750189'><pre>java.lang.IllegalStateException: ThriftMethod.exception annotation value must be specified when more than one custom exception is thrown.
	at com.google.common.base.Preconditions.checkState(Preconditions.java:173)
	at com.facebook.swift.service.metadata.ThriftMethodMetadata.buildExceptionMap(ThriftMethodMetadata.java:235)
	at com.facebook.swift.service.metadata.ThriftMethodMetadata.&lt;init&gt;(ThriftMethodMetadata.java:166)
	at com.facebook.swift.service.metadata.TestThriftMethodMetadata.assertExceptions(TestThriftMethodMetadata.java:79)
	at com.facebook.swift.service.metadata.TestThriftMethodMetadata.testUninferrableException(TestThriftMethodMetadata.java:74)
	at sun.reflect.NativeMethodAccessorImpl.invoke0(Native Method)
	at sun.reflect.NativeMethodAccessorImpl.invoke(NativeMethodAccessorImpl.java:62)
	at sun.reflect.DelegatingMethodAccessorImpl.invoke(DelegatingMethodAccessorImpl.java:43)
	at java.lang.reflect.Method.invoke(Method.java:498)
	at org.testng.internal.MethodInvocationHelper.invokeMethod(MethodInvocationHelper.java:85)
	at org.testng.internal.Invoker.invokeMethod(Invoker.java:639)
	at org.testng.internal.Invoker.invokeTestMethod(Invoker.java:821)
	at org.testng.internal.Invoker.invokeTestMethods(Invoker.java:1131)
	at org.testng.internal.TestMethodWorker.invokeTestMethods(TestMethodWorker.java:124)
	at org.testng.internal.TestMethodWorker.run(TestMethodWorker.java:108)
	at org.testng.TestRunner.privateRun(TestRunner.java:773)
	at org.testng.TestRunner.run(TestRunner.java:623)
	at org.testng.SuiteRunner.runTest(SuiteRunner.java:357)
	at org.testng.SuiteRunner.runSequentially(SuiteRunner.java:352)
	at org.testng.SuiteRunner.privateRun(SuiteRunner.java:310)
	at org.testng.SuiteRunner.run(SuiteRunner.java:259)
	at org.testng.SuiteRunnerWorker.runSuite(SuiteRunnerWorker.java:52)
	at org.testng.SuiteRunnerWorker.run(SuiteRunnerWorker.java:86)
	at org.testng.TestNG.runSuitesSequentially(TestNG.java:1185)
	at org.testng.TestNG.runSuitesLocally(TestNG.java:1110)
	at org.testng.TestNG.run(TestNG.java:1018)
	at org.apache.maven.surefire.testng.TestNGExecutor.run(TestNGExecutor.java:77)
	at org.apache.maven.surefire.testng.TestNGDirectoryTestSuite.executeMulti(TestNGDirectoryTestSuite.java:189)
	at org.apache.maven.surefire.testng.TestNGDirectoryTestSuite.execute(TestNGDirectoryTestSuite.java:105)
	at org.apache.maven.surefire.testng.TestNGProvider.invoke(TestNGProvider.java:117)
	at sun.reflect.NativeMethodAccessorImpl.invoke0(Native Method)
	at sun.reflect.NativeMethodAccessorImpl.invoke(NativeMethodAccessorImpl.java:62)
	at sun.reflect.DelegatingMethodAccessorImpl.invoke(DelegatingMethodAccessorImpl.java:43)
	at java.lang.reflect.Method.invoke(Method.java:498)
	at org.apache.maven.surefire.util.ReflectionUtils.invokeMethodWithArray2(ReflectionUtils.java:208)
	at org.apache.maven.surefire.booter.ProviderFactory$ProviderProxy.invoke(ProviderFactory.java:158)
	at org.apache.maven.surefire.booter.ProviderFactory.invokeProvider(ProviderFactory.java:86)
	at org.apache.maven.surefire.booter.ForkedBooter.runSuitesInProcess(ForkedBooter.java:153)
	at org.apache.maven.surefire.booter.ForkedBooter.main(ForkedBooter.java:95)
</pre></div></td>
<td>0</td>
<td>com.facebook.swift.service.metadata.TestThriftMethodMetadata@757942a1</td></tr>
<tr>
<td title='com.facebook.swift.service.protocol.TestClientProtocols.testUnmatchedProtocols()'><b>testUnmatchedProtocols</b><br>Test class: com.facebook.swift.service.protocol.TestClientProtocols</td>
<td><div><pre>org.apache.thrift.transport.TTransportException: Client was disconnected by server
	at com.facebook.nifty.client.AbstractClientChannel.channelDisconnected(AbstractClientChannel.java:325)
	at org.jboss.netty.channel.SimpleChannelHandler.handleUpstream(SimpleChannelHandler.java:120)
	at org.jboss.netty.channel.DefaultChannelPipeline.sendUpstream(DefaultChannelPipeline.java:564)
	at org.jboss.netty.channel.DefaultChannelPipeline$DefaultChannelHandlerContext.sendUpstream(DefaultChannelPipeline.java:791)
	at org.jboss.netty.handler.codec.frame.FrameDecoder.cleanup(FrameDecoder.java:493)
	at org.jboss.netty.handler.codec.frame.FrameDecoder.channelDisconnected(FrameDecoder.java:365)
	at org.jboss.netty.channel.SimpleChannelUpstreamHandler.handleUpstream(SimpleChannelUpstreamHandler.java:102)
	at org.jboss.netty.channel.DefaultChannelPipeline.sendUpstream(DefaultChannelPipeline.java:564)
	at org.jboss.netty.channel.DefaultChannelPipeline$DefaultChannelHandlerContext.sendUpstream(DefaultChannelPipeline.java:791)
	at com.facebook.nifty.client.TimeoutHandler.handleUpstream(TimeoutHandler.java:58)
	at org.jboss.netty.channel.DefaultChannelPipeline.sendUpstream(DefaultChannelPipeline.java:564)
	at org.jboss.netty.channel.DefaultChannelPipeline.sendUpstream(DefaultChannelPipeline.java:559)
	at org.jboss.netty.channel.Channels.fireChannelDisconnected(Channels.java:396)
	at org.jboss.netty.channel.socket.nio.AbstractNioWorker.close(AbstractNioWorker.java:360)
	at org.jboss.netty.channel.socket.nio.NioWorker.read(NioWorker.java:93)
	at org.jboss.netty.channel.socket.nio.AbstractNioWorker.process(AbstractNioWorker.java:108)
	at org.jboss.netty.channel.socket.nio.AbstractNioSelector.run(AbstractNioSelector.java:337)
	at org.jboss.netty.channel.socket.nio.AbstractNioWorker.run(AbstractNioWorker.java:89)
	at org.jboss.netty.channel.socket.nio.NioWorker.run(NioWorker.java:178)
	at org.jboss.netty.util.ThreadRenamingRunnable.run(ThreadRenamingRunnable.java:108)
	at org.jboss.netty.util.internal.DeadLockProofWorker$1.run(DeadLockProofWorker.java:42)
	at java.util.concurrent.ThreadPoolExecutor.runWorker(ThreadPoolExecutor.java:1149)
	at java.util.concurrent.ThreadPoolExecutor$Worker.run(ThreadPoolExecutor.java:624)
	at java.lang.Thread.run(Thread.java:748)
</pre></div><a href='#' onClick='toggleBox("stack-trace1025797795", this, "Click to show all stack frames", "Click to hide stack frames")'>Click to show all stack frames</a>
<div class='stack-trace' id='stack-trace1025797795'><pre>org.apache.thrift.transport.TTransportException: Client was disconnected by server
	at com.facebook.nifty.client.AbstractClientChannel.channelDisconnected(AbstractClientChannel.java:325)
	at org.jboss.netty.channel.SimpleChannelHandler.handleUpstream(SimpleChannelHandler.java:120)
	at org.jboss.netty.channel.DefaultChannelPipeline.sendUpstream(DefaultChannelPipeline.java:564)
	at org.jboss.netty.channel.DefaultChannelPipeline$DefaultChannelHandlerContext.sendUpstream(DefaultChannelPipeline.java:791)
	at org.jboss.netty.handler.codec.frame.FrameDecoder.cleanup(FrameDecoder.java:493)
	at org.jboss.netty.handler.codec.frame.FrameDecoder.channelDisconnected(FrameDecoder.java:365)
	at org.jboss.netty.channel.SimpleChannelUpstreamHandler.handleUpstream(SimpleChannelUpstreamHandler.java:102)
	at org.jboss.netty.channel.DefaultChannelPipeline.sendUpstream(DefaultChannelPipeline.java:564)
	at org.jboss.netty.channel.DefaultChannelPipeline$DefaultChannelHandlerContext.sendUpstream(DefaultChannelPipeline.java:791)
	at com.facebook.nifty.client.TimeoutHandler.handleUpstream(TimeoutHandler.java:58)
	at org.jboss.netty.channel.DefaultChannelPipeline.sendUpstream(DefaultChannelPipeline.java:564)
	at org.jboss.netty.channel.DefaultChannelPipeline.sendUpstream(DefaultChannelPipeline.java:559)
	at org.jboss.netty.channel.Channels.fireChannelDisconnected(Channels.java:396)
	at org.jboss.netty.channel.socket.nio.AbstractNioWorker.close(AbstractNioWorker.java:360)
	at org.jboss.netty.channel.socket.nio.NioWorker.read(NioWorker.java:93)
	at org.jboss.netty.channel.socket.nio.AbstractNioWorker.process(AbstractNioWorker.java:108)
	at org.jboss.netty.channel.socket.nio.AbstractNioSelector.run(AbstractNioSelector.java:337)
	at org.jboss.netty.channel.socket.nio.AbstractNioWorker.run(AbstractNioWorker.java:89)
	at org.jboss.netty.channel.socket.nio.NioWorker.run(NioWorker.java:178)
	at org.jboss.netty.util.ThreadRenamingRunnable.run(ThreadRenamingRunnable.java:108)
	at org.jboss.netty.util.internal.DeadLockProofWorker$1.run(DeadLockProofWorker.java:42)
	at java.util.concurrent.ThreadPoolExecutor.runWorker(ThreadPoolExecutor.java:1149)
	at java.util.concurrent.ThreadPoolExecutor$Worker.run(ThreadPoolExecutor.java:624)
	at java.lang.Thread.run(Thread.java:748)
</pre></div></td>
<td>0</td>
<td>com.facebook.swift.service.protocol.TestClientProtocols@365185bd</td></tr>
<tr>
<td title='com.facebook.swift.client.TestThriftClientManager.testUnresolvedRemoteAddress()'><b>testUnresolvedRemoteAddress</b><br>Test class: com.facebook.swift.client.TestThriftClientManager</td>
<td></td>
<td>0</td>
<td>com.facebook.swift.client.TestThriftClientManager@43bd930a</td></tr>
<tr>
<td title='com.facebook.swift.service.TestThriftServerConfig.testWorkerExecutorConfiguration()'><b>testWorkerExecutorConfiguration</b><br>Test class: com.facebook.swift.service.TestThriftServerConfig</td>
<td></td>
<td>0</td>
<td>com.facebook.swift.service.TestThriftServerConfig@23fe1d71</td></tr>
<tr>
<td title='com.facebook.swift.service.TestThriftServerConfig.testWorkerExecutorKeyConfiguration()'><b>testWorkerExecutorKeyConfiguration</b><br>Test class: com.facebook.swift.service.TestThriftServerConfig</td>
<td></td>
<td>0</td>
<td>com.facebook.swift.service.TestThriftServerConfig@23fe1d71</td></tr>
<tr>
<td title='com.facebook.swift.service.TestThriftServerConfig.testWorkerThreadsConfiguration()'><b>testWorkerThreadsConfiguration</b><br>Test class: com.facebook.swift.service.TestThriftServerConfig</td>
<td></td>
<td>0</td>
<td>com.facebook.swift.service.TestThriftServerConfig@23fe1d71</td></tr>
</table><p>
</body>
</html>